#
# There is insufficient memory for the Java Runtime Environment to continue.
# Native memory allocation (malloc) failed to allocate 1116336 bytes for Chunk::new
# Possible reasons:
#   The system is out of physical RAM or swap space
#   The process is running with CompressedOops enabled, and the Java Heap may be blocking the growth of the native heap
# Possible solutions:
#   Reduce memory load on the system
#   Increase physical memory or swap space
#   Check if swap backing store is full
#   Decrease Java heap size (-Xmx/-Xms)
#   Decrease number of Java threads
#   Decrease Java thread stack sizes (-Xss)
#   Set larger code cache with -XX:ReservedCodeCacheSize=
#   JVM is running with Unscaled Compressed Oops mode in which the Java heap is
#     placed in the first 4GB address space. The Java Heap base address is the
#     maximum limit for the native heap growth. Please use -XX:HeapBaseMinAddress
#     to set the Java Heap base and to place the Java Heap above 4GB virtual address.
# This output file may be truncated or incomplete.
#
#  Out of Memory Error (arena.cpp:189), pid=11028, tid=10308
#
# JRE version: OpenJDK Runtime Environment Temurin-17.0.4.1+1 (17.0.4.1+1) (build 17.0.4.1+1)
# Java VM: OpenJDK 64-Bit Server VM Temurin-17.0.4.1+1 (17.0.4.1+1, mixed mode, sharing, tiered, compressed oops, compressed class ptrs, g1 gc, windows-amd64)
# No core dump will be written. Minidumps are not enabled by default on client versions of Windows
#

---------------  S U M M A R Y ------------

Command Line: -XX:MaxMetaspaceSize=512m --add-opens=java.base/java.util=ALL-UNNAMED --add-opens=java.base/java.lang=ALL-UNNAMED --add-opens=java.base/java.lang.invoke=ALL-UNNAMED --add-opens=java.base/java.util=ALL-UNNAMED --add-opens=java.prefs/java.util.prefs=ALL-UNNAMED --add-opens=java.prefs/java.util.prefs=ALL-UNNAMED --add-opens=java.base/java.nio.charset=ALL-UNNAMED --add-opens=java.base/java.net=ALL-UNNAMED --add-opens=java.base/java.util.concurrent.atomic=ALL-UNNAMED -Xmx2048m -Dfile.encoding=utf8 -Duser.country=US -Duser.language=en -Duser.variant org.gradle.launcher.daemon.bootstrap.GradleDaemon 7.5.1

Host: AMD Ryzen 7 4800H with Radeon Graphics         , 16 cores, 7G,  Windows 10 , 64 bit Build 19041 (10.0.19041.3155)
Time: Tue Aug  1 17:03:21 2023 Sri Lanka Standard Time elapsed time: 23.456738 seconds (0d 0h 0m 23s)

---------------  T H R E A D  ---------------

Current thread (0x000001957415ffe0):  JavaThread "C2 CompilerThread0" daemon [_thread_in_native, id=10308, stack(0x0000002cc3d00000,0x0000002cc3e00000)]


Current CompileTask:
C2:  23457 7541       4       org.objectweb.asm.commons.Remapper::mapType (123 bytes)

Stack: [0x0000002cc3d00000,0x0000002cc3e00000]
Native frames: (J=compiled Java code, j=interpreted, Vv=VM code, C=native code)
V  [jvm.dll+0x67731a]
V  [jvm.dll+0x832284]
V  [jvm.dll+0x833a2e]
V  [jvm.dll+0x834093]
V  [jvm.dll+0x245775]
V  [jvm.dll+0xabd7b]
V  [jvm.dll+0xac30c]
V  [jvm.dll+0x363a42]
V  [jvm.dll+0x1bbf38]
V  [jvm.dll+0x2187d9]
V  [jvm.dll+0x217aa1]
V  [jvm.dll+0x1a3f8d]
V  [jvm.dll+0x227498]
V  [jvm.dll+0x2255e5]
V  [jvm.dll+0x7e7e9b]
V  [jvm.dll+0x7e240a]
V  [jvm.dll+0x6761a5]
C  [ucrtbase.dll+0x21bb2]
C  [KERNEL32.DLL+0x17614]
C  [ntdll.dll+0x526b1]


---------------  P R O C E S S  ---------------

Threads class SMR info:
_java_thread_list=0x0000019576d7bf20, length=46, elements={
0x00000195552569a0, 0x0000019574142d50, 0x0000019574144270, 0x0000019574157820,
0x000001957415b660, 0x000001957415bf20, 0x000001957415cf80, 0x000001957415ffe0,
0x000001957416a7d0, 0x0000019574193c20, 0x0000019574d0a810, 0x0000019574d0d100,
0x0000019576d26ec0, 0x0000019576a389c0, 0x0000019576d317c0, 0x0000019576496980,
0x0000019575dd8830, 0x00000195757bf140, 0x0000019575ccf9b0, 0x00000195769ee3c0,
0x00000195769ed080, 0x00000195769ed550, 0x00000195769ee890, 0x00000195769eed60,
0x00000195769edef0, 0x00000195769ef230, 0x00000195769ef700, 0x00000195769eda20,
0x00000195769efbd0, 0x00000195769f00a0, 0x00000195769f0570, 0x00000195769f0a40,
0x0000019578c525a0, 0x0000019578c520d0, 0x0000019578c52a70, 0x0000019578c54750,
0x0000019578c4ebe0, 0x0000019578c4d8a0, 0x0000019578c52f40, 0x0000019578c53db0,
0x0000019578c508c0, 0x0000019578c4e240, 0x0000019578c4f580, 0x0000019574c5f030,
0x0000019578c538e0, 0x00000195775ac3a0
}

Java Threads: ( => current thread )
  0x00000195552569a0 JavaThread "main" [_thread_blocked, id=22432, stack(0x0000002cc3000000,0x0000002cc3100000)]
  0x0000019574142d50 JavaThread "Reference Handler" daemon [_thread_blocked, id=20300, stack(0x0000002cc3700000,0x0000002cc3800000)]
  0x0000019574144270 JavaThread "Finalizer" daemon [_thread_blocked, id=3468, stack(0x0000002cc3800000,0x0000002cc3900000)]
  0x0000019574157820 JavaThread "Signal Dispatcher" daemon [_thread_blocked, id=14456, stack(0x0000002cc3900000,0x0000002cc3a00000)]
  0x000001957415b660 JavaThread "Attach Listener" daemon [_thread_blocked, id=19004, stack(0x0000002cc3a00000,0x0000002cc3b00000)]
  0x000001957415bf20 JavaThread "Service Thread" daemon [_thread_blocked, id=24096, stack(0x0000002cc3b00000,0x0000002cc3c00000)]
  0x000001957415cf80 JavaThread "Monitor Deflation Thread" daemon [_thread_blocked, id=10896, stack(0x0000002cc3c00000,0x0000002cc3d00000)]
=>0x000001957415ffe0 JavaThread "C2 CompilerThread0" daemon [_thread_in_native, id=10308, stack(0x0000002cc3d00000,0x0000002cc3e00000)]
  0x000001957416a7d0 JavaThread "C1 CompilerThread0" daemon [_thread_blocked, id=11160, stack(0x0000002cc3e00000,0x0000002cc3f00000)]
  0x0000019574193c20 JavaThread "Sweeper thread" daemon [_thread_blocked, id=11928, stack(0x0000002cc3f00000,0x0000002cc4000000)]
  0x0000019574d0a810 JavaThread "Common-Cleaner" daemon [_thread_blocked, id=21468, stack(0x0000002cc4100000,0x0000002cc4200000)]
  0x0000019574d0d100 JavaThread "Notification Thread" daemon [_thread_blocked, id=24416, stack(0x0000002cc4200000,0x0000002cc4300000)]
  0x0000019576d26ec0 JavaThread "Daemon health stats" [_thread_blocked, id=1220, stack(0x0000002cc4a00000,0x0000002cc4b00000)]
  0x0000019576a389c0 JavaThread "Incoming local TCP Connector on port 63776" [_thread_in_native, id=21064, stack(0x0000002cc4b00000,0x0000002cc4c00000)]
  0x0000019576d317c0 JavaThread "Daemon periodic checks" [_thread_blocked, id=9500, stack(0x0000002cc4c00000,0x0000002cc4d00000)]
  0x0000019576496980 JavaThread "Daemon" [_thread_blocked, id=3900, stack(0x0000002cc4d00000,0x0000002cc4e00000)]
  0x0000019575dd8830 JavaThread "Handler for socket connection from /127.0.0.1:63776 to /127.0.0.1:63777" [_thread_in_native, id=4680, stack(0x0000002cc4e00000,0x0000002cc4f00000)]
  0x00000195757bf140 JavaThread "Cancel handler" [_thread_blocked, id=22500, stack(0x0000002cc4f00000,0x0000002cc5000000)]
  0x0000019575ccf9b0 JavaThread "Daemon worker" [_thread_in_Java, id=15876, stack(0x0000002cc5000000,0x0000002cc5100000)]
  0x00000195769ee3c0 JavaThread "Asynchronous log dispatcher for DefaultDaemonConnection: socket connection from /127.0.0.1:63776 to /127.0.0.1:63777" [_thread_blocked, id=15572, stack(0x0000002cc5100000,0x0000002cc5200000)]
  0x00000195769ed080 JavaThread "Stdin handler" [_thread_blocked, id=22508, stack(0x0000002cc5200000,0x0000002cc5300000)]
  0x00000195769ed550 JavaThread "Daemon client event forwarder" [_thread_blocked, id=7992, stack(0x0000002cc5300000,0x0000002cc5400000)]
  0x00000195769ee890 JavaThread "Cache worker for journal cache (C:\Users\GIHAA\.gradle\caches\journal-1)" [_thread_blocked, id=20780, stack(0x0000002cc5400000,0x0000002cc5500000)]
  0x00000195769eed60 JavaThread "File lock request listener" [_thread_in_native, id=10396, stack(0x0000002cc5500000,0x0000002cc5600000)]
  0x00000195769edef0 JavaThread "Cache worker for file hash cache (C:\Users\GIHAA\.gradle\caches\7.5.1\fileHashes)" [_thread_blocked, id=22984, stack(0x0000002cc4400000,0x0000002cc4500000)]
  0x00000195769ef230 JavaThread "File watcher server" daemon [_thread_in_native, id=12240, stack(0x0000002cc5f00000,0x0000002cc6000000)]
  0x00000195769ef700 JavaThread "File watcher consumer" daemon [_thread_blocked, id=18476, stack(0x0000002cc6000000,0x0000002cc6100000)]
  0x00000195769eda20 JavaThread "Cache worker for checksums cache (C:\Users\GIHAA\Desktop\arcktype\scrapie\android\.gradle\7.5.1\checksums)" [_thread_blocked, id=23964, stack(0x0000002cc6100000,0x0000002cc6200000)]
  0x00000195769efbd0 JavaThread "Cache worker for cache directory md-rule (C:\Users\GIHAA\.gradle\caches\7.5.1\md-rule)" [_thread_blocked, id=8580, stack(0x0000002cc6200000,0x0000002cc6300000)]
  0x00000195769f00a0 JavaThread "Cache worker for file content cache (C:\Users\GIHAA\.gradle\caches\7.5.1\fileContent)" [_thread_blocked, id=22572, stack(0x0000002cc6300000,0x0000002cc6400000)]
  0x00000195769f0570 JavaThread "Cache worker for file hash cache (C:\Users\GIHAA\Desktop\arcktype\scrapie\android\.gradle\7.5.1\fileHashes)" [_thread_blocked, id=23940, stack(0x0000002cc6600000,0x0000002cc6700000)]
  0x00000195769f0a40 JavaThread "Cache worker for cache directory md-supplier (C:\Users\GIHAA\.gradle\caches\7.5.1\md-supplier)" [_thread_blocked, id=8468, stack(0x0000002cc6700000,0x0000002cc6800000)]
  0x0000019578c525a0 JavaThread "Cache worker for execution history cache (C:\Users\GIHAA\.gradle\caches\7.5.1\executionHistory)" [_thread_blocked, id=24516, stack(0x0000002cc6800000,0x0000002cc6900000)]
  0x0000019578c520d0 JavaThread "jar transforms" [_thread_blocked, id=15132, stack(0x0000002cc6900000,0x0000002cc6a00000)]
  0x0000019578c52a70 JavaThread "jar transforms Thread 2" [_thread_blocked, id=10000, stack(0x0000002cc6a00000,0x0000002cc6b00000)]
  0x0000019578c54750 JavaThread "jar transforms Thread 3" [_thread_blocked, id=3568, stack(0x0000002cc6b00000,0x0000002cc6c00000)]
  0x0000019578c4ebe0 JavaThread "jar transforms Thread 4" [_thread_blocked, id=8812, stack(0x0000002cc6c00000,0x0000002cc6d00000)]
  0x0000019578c4d8a0 JavaThread "jar transforms Thread 5" [_thread_blocked, id=10136, stack(0x0000002cc6d00000,0x0000002cc6e00000)]
  0x0000019578c52f40 JavaThread "jar transforms Thread 6" [_thread_blocked, id=13456, stack(0x0000002cc6e00000,0x0000002cc6f00000)]
  0x0000019578c53db0 JavaThread "jar transforms Thread 7" [_thread_blocked, id=23904, stack(0x0000002cc6f00000,0x0000002cc7000000)]
  0x0000019578c508c0 JavaThread "jar transforms Thread 8" [_thread_blocked, id=18500, stack(0x0000002cc7000000,0x0000002cc7100000)]
  0x0000019578c4e240 JavaThread "jar transforms Thread 9" [_thread_blocked, id=21312, stack(0x0000002cc7100000,0x0000002cc7200000)]
  0x0000019578c4f580 JavaThread "jar transforms Thread 10" [_thread_blocked, id=5600, stack(0x0000002cc7500000,0x0000002cc7600000)]
  0x0000019574c5f030 JavaThread "C1 CompilerThread1" daemon [_thread_blocked, id=22800, stack(0x0000002cc7200000,0x0000002cc7300000)]
  0x0000019578c538e0 JavaThread "Cache worker for kotlin-dsl (C:\Users\GIHAA\.gradle\caches\7.5.1\kotlin-dsl)" [_thread_blocked, id=2304, stack(0x0000002cc7300000,0x0000002cc7400000)]
  0x00000195775ac3a0 JavaThread "C1 CompilerThread2" daemon [_thread_blocked, id=1188, stack(0x0000002cc7400000,0x0000002cc7500000)]

Other Threads:
  0x000001957413c1e0 VMThread "VM Thread" [stack: 0x0000002cc3600000,0x0000002cc3700000] [id=2504]
  0x0000019555310430 WatcherThread [stack: 0x0000002cc4300000,0x0000002cc4400000] [id=12564]
  0x00000195552b2980 GCTaskThread "GC Thread#0" [stack: 0x0000002cc3100000,0x0000002cc3200000] [id=7068]
  0x0000019575977d60 GCTaskThread "GC Thread#1" [stack: 0x0000002cc4600000,0x0000002cc4700000] [id=2588]
  0x000001957544da00 GCTaskThread "GC Thread#2" [stack: 0x0000002cc4700000,0x0000002cc4800000] [id=19612]
  0x00000195761fcc00 GCTaskThread "GC Thread#3" [stack: 0x0000002cc4800000,0x0000002cc4900000] [id=23244]
  0x0000019576568830 GCTaskThread "GC Thread#4" [stack: 0x0000002cc4900000,0x0000002cc4a00000] [id=6020]
  0x00000195771d1940 GCTaskThread "GC Thread#5" [stack: 0x0000002cc5700000,0x0000002cc5800000] [id=13960]
  0x0000019576d49ce0 GCTaskThread "GC Thread#6" [stack: 0x0000002cc5800000,0x0000002cc5900000] [id=21848]
  0x0000019578aa5100 GCTaskThread "GC Thread#7" [stack: 0x0000002cc5900000,0x0000002cc5a00000] [id=22364]
  0x0000019578aa4e50 GCTaskThread "GC Thread#8" [stack: 0x0000002cc5a00000,0x0000002cc5b00000] [id=22964]
  0x0000019578aa53b0 GCTaskThread "GC Thread#9" [stack: 0x0000002cc5b00000,0x0000002cc5c00000] [id=21336]
  0x0000019578aa5660 GCTaskThread "GC Thread#10" [stack: 0x0000002cc5c00000,0x0000002cc5d00000] [id=20876]
  0x0000019578aa5910 GCTaskThread "GC Thread#11" [stack: 0x0000002cc5d00000,0x0000002cc5e00000] [id=10076]
  0x0000019578aa5bc0 GCTaskThread "GC Thread#12" [stack: 0x0000002cc5e00000,0x0000002cc5f00000] [id=19928]
  0x00000195552c37d0 ConcurrentGCThread "G1 Main Marker" [stack: 0x0000002cc3200000,0x0000002cc3300000] [id=24024]
  0x00000195552c40f0 ConcurrentGCThread "G1 Conc#0" [stack: 0x0000002cc3300000,0x0000002cc3400000] [id=22608]
  0x0000019578aa63d0 ConcurrentGCThread "G1 Conc#1" [stack: 0x0000002cc6400000,0x0000002cc6500000] [id=8340]
  0x0000019578aa6680 ConcurrentGCThread "G1 Conc#2" [stack: 0x0000002cc6500000,0x0000002cc6600000] [id=13140]
  0x000001955532e920 ConcurrentGCThread "G1 Refine#0" [stack: 0x0000002cc3400000,0x0000002cc3500000] [id=12848]
  0x0000019576d4a8c0 ConcurrentGCThread "G1 Refine#1" [stack: 0x0000002cc4000000,0x0000002cc4100000] [id=23784]
  0x00000195791c3b10 ConcurrentGCThread "G1 Refine#2" [stack: 0x0000002cc4500000,0x0000002cc4600000] [id=20184]
  0x00000195791c29d0 ConcurrentGCThread "G1 Refine#3" [stack: 0x0000002cc5600000,0x0000002cc5700000] [id=9968]
  0x0000019573ff88e0 ConcurrentGCThread "G1 Service" [stack: 0x0000002cc3500000,0x0000002cc3600000] [id=1672]

Threads with active compile tasks:
C2 CompilerThread0    23504 7541       4       org.objectweb.asm.commons.Remapper::mapType (123 bytes)

VM state: not at safepoint (normal execution)

VM Mutex/Monitor currently owned by a thread: None

Heap address: 0x0000000080000000, size: 2048 MB, Compressed Oops mode: 32-bit

CDS archive(s) mapped at: [0x0000000800000000-0x0000000800bc0000-0x0000000800bc0000), size 12320768, SharedBaseAddress: 0x0000000800000000, ArchiveRelocationMode: 0.
Compressed class space mapped at: 0x0000000800c00000-0x000000081a800000, reserved size: 432013312
Narrow klass base: 0x0000000800000000, Narrow klass shift: 0, Narrow klass range: 0x100000000

GC Precious Log:
 CPUs: 16 total, 16 available
 Memory: 7579M
 Large Page Support: Disabled
 NUMA Support: Disabled
 Compressed Oops: Enabled (32-bit)
 Heap Region Size: 1M
 Heap Min Capacity: 8M
 Heap Initial Capacity: 120M
 Heap Max Capacity: 2G
 Pre-touch: Disabled
 Parallel Workers: 13
 Concurrent Workers: 3
 Concurrent Refinement Workers: 13
 Periodic GC: Disabled

Heap:
 garbage-first heap   total 307200K, used 102050K [0x0000000080000000, 0x0000000100000000)
  region size 1024K, 48 young (49152K), 9 survivors (9216K)
 Metaspace       used 41946K, committed 42560K, reserved 462848K
  class space    used 5621K, committed 5888K, reserved 421888K

Heap Regions: E=young(eden), S=young(survivor), O=old, HS=humongous(starts), HC=humongous(continues), CS=collection set, F=free, OA=open archive, CA=closed archive, TAMS=top-at-mark-start (previous, next)
|   0|0x0000000080000000, 0x0000000080100000, 0x0000000080100000|100%| O|  |TAMS 0x0000000080100000, 0x0000000080000000| Untracked 
|   1|0x0000000080100000, 0x0000000080200000, 0x0000000080200000|100%| O|  |TAMS 0x0000000080200000, 0x0000000080100000| Untracked 
|   2|0x0000000080200000, 0x0000000080300000, 0x0000000080300000|100%| O|  |TAMS 0x0000000080200000, 0x0000000080200000| Untracked 
|   3|0x0000000080300000, 0x0000000080400000, 0x0000000080400000|100%|HS|  |TAMS 0x0000000080400000, 0x0000000080300000| Complete 
|   4|0x0000000080400000, 0x0000000080500000, 0x0000000080500000|100%|HC|  |TAMS 0x0000000080500000, 0x0000000080400000| Complete 
|   5|0x0000000080500000, 0x0000000080600000, 0x0000000080600000|100%|HC|  |TAMS 0x0000000080600000, 0x0000000080500000| Complete 
|   6|0x0000000080600000, 0x0000000080700000, 0x0000000080700000|100%| O|  |TAMS 0x0000000080700000, 0x0000000080600000| Untracked 
|   7|0x0000000080700000, 0x0000000080800000, 0x0000000080800000|100%| O|  |TAMS 0x0000000080800000, 0x0000000080700000| Untracked 
|   8|0x0000000080800000, 0x0000000080900000, 0x0000000080900000|100%| O|  |TAMS 0x0000000080900000, 0x0000000080800000| Untracked 
|   9|0x0000000080900000, 0x0000000080a00000, 0x0000000080a00000|100%| O|  |TAMS 0x0000000080a00000, 0x0000000080900000| Untracked 
|  10|0x0000000080a00000, 0x0000000080b00000, 0x0000000080b00000|100%| O|  |TAMS 0x0000000080b00000, 0x0000000080a00000| Untracked 
|  11|0x0000000080b00000, 0x0000000080c00000, 0x0000000080c00000|100%| O|  |TAMS 0x0000000080c00000, 0x0000000080b00000| Untracked 
|  12|0x0000000080c00000, 0x0000000080d00000, 0x0000000080d00000|100%| O|  |TAMS 0x0000000080d00000, 0x0000000080c00000| Untracked 
|  13|0x0000000080d00000, 0x0000000080e00000, 0x0000000080e00000|100%| O|  |TAMS 0x0000000080e00000, 0x0000000080d00000| Untracked 
|  14|0x0000000080e00000, 0x0000000080f00000, 0x0000000080f00000|100%| O|  |TAMS 0x0000000080f00000, 0x0000000080e00000| Untracked 
|  15|0x0000000080f00000, 0x0000000081000000, 0x0000000081000000|100%| O|  |TAMS 0x0000000081000000, 0x0000000080f00000| Untracked 
|  16|0x0000000081000000, 0x0000000081100000, 0x0000000081100000|100%| O|  |TAMS 0x0000000081100000, 0x0000000081000000| Untracked 
|  17|0x0000000081100000, 0x0000000081200000, 0x0000000081200000|100%| O|  |TAMS 0x0000000081200000, 0x0000000081100000| Untracked 
|  18|0x0000000081200000, 0x00000000812ebc00, 0x0000000081300000| 92%| O|  |TAMS 0x00000000812ebc00, 0x0000000081200000| Untracked 
|  19|0x0000000081300000, 0x0000000081400000, 0x0000000081400000|100%| O|  |TAMS 0x0000000081400000, 0x0000000081300000| Untracked 
|  20|0x0000000081400000, 0x0000000081500000, 0x0000000081500000|100%| O|  |TAMS 0x0000000081500000, 0x0000000081400000| Untracked 
|  21|0x0000000081500000, 0x0000000081600000, 0x0000000081600000|100%| O|  |TAMS 0x0000000081600000, 0x0000000081500000| Untracked 
|  22|0x0000000081600000, 0x0000000081700000, 0x0000000081700000|100%| O|  |TAMS 0x0000000081700000, 0x0000000081600000| Untracked 
|  23|0x0000000081700000, 0x0000000081800000, 0x0000000081800000|100%| O|  |TAMS 0x0000000081800000, 0x0000000081700000| Untracked 
|  24|0x0000000081800000, 0x0000000081900000, 0x0000000081900000|100%| O|  |TAMS 0x0000000081800000, 0x0000000081800000| Untracked 
|  25|0x0000000081900000, 0x0000000081a00000, 0x0000000081a00000|100%| O|  |TAMS 0x0000000081900000, 0x0000000081900000| Untracked 
|  26|0x0000000081a00000, 0x0000000081b00000, 0x0000000081b00000|100%| O|  |TAMS 0x0000000081a00000, 0x0000000081a00000| Untracked 
|  27|0x0000000081b00000, 0x0000000081c00000, 0x0000000081c00000|100%| O|  |TAMS 0x0000000081b00000, 0x0000000081b00000| Untracked 
|  28|0x0000000081c00000, 0x0000000081d00000, 0x0000000081d00000|100%| O|  |TAMS 0x0000000081c00000, 0x0000000081c00000| Untracked 
|  29|0x0000000081d00000, 0x0000000081e00000, 0x0000000081e00000|100%| O|  |TAMS 0x0000000081d00000, 0x0000000081d00000| Untracked 
|  30|0x0000000081e00000, 0x0000000081e88400, 0x0000000081f00000| 53%| O|  |TAMS 0x0000000081e88400, 0x0000000081e00000| Untracked 
|  31|0x0000000081f00000, 0x0000000082000000, 0x0000000082000000|100%| O|  |TAMS 0x0000000081f00000, 0x0000000081f00000| Untracked 
|  32|0x0000000082000000, 0x0000000082100000, 0x0000000082100000|100%| O|  |TAMS 0x0000000082000000, 0x0000000082000000| Untracked 
|  33|0x0000000082100000, 0x0000000082200000, 0x0000000082200000|100%| O|  |TAMS 0x0000000082100000, 0x0000000082100000| Untracked 
|  34|0x0000000082200000, 0x0000000082300000, 0x0000000082300000|100%| O|  |TAMS 0x0000000082200000, 0x0000000082200000| Untracked 
|  35|0x0000000082300000, 0x0000000082400000, 0x0000000082400000|100%| O|  |TAMS 0x0000000082300000, 0x0000000082300000| Untracked 
|  36|0x0000000082400000, 0x0000000082500000, 0x0000000082500000|100%| O|  |TAMS 0x0000000082400000, 0x0000000082400000| Untracked 
|  37|0x0000000082500000, 0x0000000082600000, 0x0000000082600000|100%| O|  |TAMS 0x0000000082500000, 0x0000000082500000| Untracked 
|  38|0x0000000082600000, 0x0000000082700000, 0x0000000082700000|100%| O|  |TAMS 0x0000000082600000, 0x0000000082600000| Untracked 
|  39|0x0000000082700000, 0x0000000082800000, 0x0000000082800000|100%| O|  |TAMS 0x0000000082700000, 0x0000000082700000| Untracked 
|  40|0x0000000082800000, 0x0000000082900000, 0x0000000082900000|100%| O|  |TAMS 0x0000000082800000, 0x0000000082800000| Untracked 
|  41|0x0000000082900000, 0x0000000082a00000, 0x0000000082a00000|100%| O|  |TAMS 0x0000000082900000, 0x0000000082900000| Untracked 
|  42|0x0000000082a00000, 0x0000000082b00000, 0x0000000082b00000|100%|HS|  |TAMS 0x0000000082a00000, 0x0000000082a00000| Complete 
|  43|0x0000000082b00000, 0x0000000082c00000, 0x0000000082c00000|100%| O|  |TAMS 0x0000000082b00000, 0x0000000082b00000| Untracked 
|  44|0x0000000082c00000, 0x0000000082d00000, 0x0000000082d00000|100%| O|  |TAMS 0x0000000082c00000, 0x0000000082c00000| Untracked 
|  45|0x0000000082d00000, 0x0000000082e00000, 0x0000000082e00000|100%| O|  |TAMS 0x0000000082d00000, 0x0000000082d00000| Untracked 
|  46|0x0000000082e00000, 0x0000000082f00000, 0x0000000082f00000|100%| O|  |TAMS 0x0000000082e00000, 0x0000000082e00000| Untracked 
|  47|0x0000000082f00000, 0x0000000083000000, 0x0000000083000000|100%| O|  |TAMS 0x0000000082f00000, 0x0000000082f00000| Untracked 
|  48|0x0000000083000000, 0x0000000083100000, 0x0000000083100000|100%| O|  |TAMS 0x0000000083000000, 0x0000000083000000| Untracked 
|  49|0x0000000083100000, 0x0000000083200000, 0x0000000083200000|100%| O|  |TAMS 0x0000000083100000, 0x0000000083100000| Untracked 
|  50|0x0000000083200000, 0x0000000083300000, 0x0000000083300000|100%| O|  |TAMS 0x0000000083200000, 0x0000000083200000| Untracked 
|  51|0x0000000083300000, 0x0000000083400000, 0x0000000083400000|100%| O|  |TAMS 0x0000000083300000, 0x0000000083300000| Untracked 
|  52|0x0000000083400000, 0x0000000083500000, 0x0000000083500000|100%| O|  |TAMS 0x0000000083400000, 0x0000000083400000| Untracked 
|  53|0x0000000083500000, 0x00000000835c3800, 0x0000000083600000| 76%| O|  |TAMS 0x0000000083500000, 0x0000000083500000| Untracked 
|  54|0x0000000083600000, 0x0000000083600000, 0x0000000083700000|  0%| F|  |TAMS 0x0000000083600000, 0x0000000083600000| Untracked 
|  55|0x0000000083700000, 0x0000000083700000, 0x0000000083800000|  0%| F|  |TAMS 0x0000000083700000, 0x0000000083700000| Untracked 
|  56|0x0000000083800000, 0x0000000083800000, 0x0000000083900000|  0%| F|  |TAMS 0x0000000083800000, 0x0000000083800000| Untracked 
|  57|0x0000000083900000, 0x0000000083900000, 0x0000000083a00000|  0%| F|  |TAMS 0x0000000083900000, 0x0000000083900000| Untracked 
|  58|0x0000000083a00000, 0x0000000083a00000, 0x0000000083b00000|  0%| F|  |TAMS 0x0000000083a00000, 0x0000000083a00000| Untracked 
|  59|0x0000000083b00000, 0x0000000083b00000, 0x0000000083c00000|  0%| F|  |TAMS 0x0000000083b00000, 0x0000000083b00000| Untracked 
|  60|0x0000000083c00000, 0x0000000083c00000, 0x0000000083d00000|  0%| F|  |TAMS 0x0000000083c00000, 0x0000000083c00000| Untracked 
|  61|0x0000000083d00000, 0x0000000083d00000, 0x0000000083e00000|  0%| F|  |TAMS 0x0000000083d00000, 0x0000000083d00000| Untracked 
|  62|0x0000000083e00000, 0x0000000083e00000, 0x0000000083f00000|  0%| F|  |TAMS 0x0000000083e00000, 0x0000000083e00000| Untracked 
|  63|0x0000000083f00000, 0x0000000083f00000, 0x0000000084000000|  0%| F|  |TAMS 0x0000000083f00000, 0x0000000083f00000| Untracked 
|  64|0x0000000084000000, 0x0000000084000000, 0x0000000084100000|  0%| F|  |TAMS 0x0000000084000000, 0x0000000084000000| Untracked 
|  65|0x0000000084100000, 0x0000000084100000, 0x0000000084200000|  0%| F|  |TAMS 0x0000000084100000, 0x0000000084100000| Untracked 
|  66|0x0000000084200000, 0x0000000084200000, 0x0000000084300000|  0%| F|  |TAMS 0x0000000084200000, 0x0000000084200000| Untracked 
|  67|0x0000000084300000, 0x0000000084300000, 0x0000000084400000|  0%| F|  |TAMS 0x0000000084300000, 0x0000000084300000| Untracked 
|  68|0x0000000084400000, 0x0000000084400000, 0x0000000084500000|  0%| F|  |TAMS 0x0000000084400000, 0x0000000084400000| Untracked 
|  69|0x0000000084500000, 0x0000000084500000, 0x0000000084600000|  0%| F|  |TAMS 0x0000000084500000, 0x0000000084500000| Untracked 
|  70|0x0000000084600000, 0x0000000084600000, 0x0000000084700000|  0%| F|  |TAMS 0x0000000084600000, 0x0000000084600000| Untracked 
|  71|0x0000000084700000, 0x0000000084700000, 0x0000000084800000|  0%| F|  |TAMS 0x0000000084700000, 0x0000000084700000| Untracked 
|  72|0x0000000084800000, 0x0000000084800000, 0x0000000084900000|  0%| F|  |TAMS 0x0000000084800000, 0x0000000084800000| Untracked 
|  73|0x0000000084900000, 0x0000000084900000, 0x0000000084a00000|  0%| F|  |TAMS 0x0000000084900000, 0x0000000084900000| Untracked 
|  74|0x0000000084a00000, 0x0000000084a00000, 0x0000000084b00000|  0%| F|  |TAMS 0x0000000084a00000, 0x0000000084a00000| Untracked 
|  75|0x0000000084b00000, 0x0000000084b00000, 0x0000000084c00000|  0%| F|  |TAMS 0x0000000084b00000, 0x0000000084b00000| Untracked 
|  76|0x0000000084c00000, 0x0000000084c00000, 0x0000000084d00000|  0%| F|  |TAMS 0x0000000084c00000, 0x0000000084c00000| Untracked 
|  77|0x0000000084d00000, 0x0000000084d00000, 0x0000000084e00000|  0%| F|  |TAMS 0x0000000084d00000, 0x0000000084d00000| Untracked 
|  78|0x0000000084e00000, 0x0000000084e00000, 0x0000000084f00000|  0%| F|  |TAMS 0x0000000084e00000, 0x0000000084e00000| Untracked 
|  79|0x0000000084f00000, 0x0000000084f00000, 0x0000000085000000|  0%| F|  |TAMS 0x0000000084f00000, 0x0000000084f00000| Untracked 
|  80|0x0000000085000000, 0x0000000085000000, 0x0000000085100000|  0%| F|  |TAMS 0x0000000085000000, 0x0000000085000000| Untracked 
|  81|0x0000000085100000, 0x0000000085100000, 0x0000000085200000|  0%| F|  |TAMS 0x0000000085100000, 0x0000000085100000| Untracked 
|  82|0x0000000085200000, 0x0000000085200000, 0x0000000085300000|  0%| F|  |TAMS 0x0000000085200000, 0x0000000085200000| Untracked 
|  83|0x0000000085300000, 0x0000000085300000, 0x0000000085400000|  0%| F|  |TAMS 0x0000000085300000, 0x0000000085300000| Untracked 
|  84|0x0000000085400000, 0x0000000085400000, 0x0000000085500000|  0%| F|  |TAMS 0x0000000085400000, 0x0000000085400000| Untracked 
|  85|0x0000000085500000, 0x0000000085500000, 0x0000000085600000|  0%| F|  |TAMS 0x0000000085500000, 0x0000000085500000| Untracked 
|  86|0x0000000085600000, 0x0000000085600000, 0x0000000085700000|  0%| F|  |TAMS 0x0000000085600000, 0x0000000085600000| Untracked 
|  87|0x0000000085700000, 0x0000000085700000, 0x0000000085800000|  0%| F|  |TAMS 0x0000000085700000, 0x0000000085700000| Untracked 
|  88|0x0000000085800000, 0x0000000085800000, 0x0000000085900000|  0%| F|  |TAMS 0x0000000085800000, 0x0000000085800000| Untracked 
|  89|0x0000000085900000, 0x0000000085900000, 0x0000000085a00000|  0%| F|  |TAMS 0x0000000085900000, 0x0000000085900000| Untracked 
|  90|0x0000000085a00000, 0x0000000085a00000, 0x0000000085b00000|  0%| F|  |TAMS 0x0000000085a00000, 0x0000000085a00000| Untracked 
|  91|0x0000000085b00000, 0x0000000085b00000, 0x0000000085c00000|  0%| F|  |TAMS 0x0000000085b00000, 0x0000000085b00000| Untracked 
|  92|0x0000000085c00000, 0x0000000085c00000, 0x0000000085d00000|  0%| F|  |TAMS 0x0000000085c00000, 0x0000000085c00000| Untracked 
|  93|0x0000000085d00000, 0x0000000085d00000, 0x0000000085e00000|  0%| F|  |TAMS 0x0000000085d00000, 0x0000000085d00000| Untracked 
|  94|0x0000000085e00000, 0x0000000085e00000, 0x0000000085f00000|  0%| F|  |TAMS 0x0000000085e00000, 0x0000000085e00000| Untracked 
|  95|0x0000000085f00000, 0x0000000085f00000, 0x0000000086000000|  0%| F|  |TAMS 0x0000000085f00000, 0x0000000085f00000| Untracked 
|  96|0x0000000086000000, 0x0000000086000000, 0x0000000086100000|  0%| F|  |TAMS 0x0000000086000000, 0x0000000086000000| Untracked 
|  97|0x0000000086100000, 0x0000000086100000, 0x0000000086200000|  0%| F|  |TAMS 0x0000000086100000, 0x0000000086100000| Untracked 
|  98|0x0000000086200000, 0x0000000086200000, 0x0000000086300000|  0%| F|  |TAMS 0x0000000086200000, 0x0000000086200000| Untracked 
|  99|0x0000000086300000, 0x0000000086300000, 0x0000000086400000|  0%| F|  |TAMS 0x0000000086300000, 0x0000000086300000| Untracked 
| 100|0x0000000086400000, 0x00000000864710a0, 0x0000000086500000| 44%| S|CS|TAMS 0x0000000086400000, 0x0000000086400000| Complete 
| 101|0x0000000086500000, 0x0000000086600000, 0x0000000086600000|100%| S|CS|TAMS 0x0000000086500000, 0x0000000086500000| Complete 
| 102|0x0000000086600000, 0x0000000086700000, 0x0000000086700000|100%| S|CS|TAMS 0x0000000086600000, 0x0000000086600000| Complete 
| 103|0x0000000086700000, 0x0000000086800000, 0x0000000086800000|100%| S|CS|TAMS 0x0000000086700000, 0x0000000086700000| Complete 
| 104|0x0000000086800000, 0x0000000086900000, 0x0000000086900000|100%| S|CS|TAMS 0x0000000086800000, 0x0000000086800000| Complete 
| 105|0x0000000086900000, 0x0000000086a00000, 0x0000000086a00000|100%| S|CS|TAMS 0x0000000086900000, 0x0000000086900000| Complete 
| 106|0x0000000086a00000, 0x0000000086b00000, 0x0000000086b00000|100%| S|CS|TAMS 0x0000000086a00000, 0x0000000086a00000| Complete 
| 107|0x0000000086b00000, 0x0000000086c00000, 0x0000000086c00000|100%| S|CS|TAMS 0x0000000086b00000, 0x0000000086b00000| Complete 
| 108|0x0000000086c00000, 0x0000000086d00000, 0x0000000086d00000|100%| S|CS|TAMS 0x0000000086c00000, 0x0000000086c00000| Complete 
| 109|0x0000000086d00000, 0x0000000086d00000, 0x0000000086e00000|  0%| F|  |TAMS 0x0000000086d00000, 0x0000000086d00000| Untracked 
| 110|0x0000000086e00000, 0x0000000086e00000, 0x0000000086f00000|  0%| F|  |TAMS 0x0000000086e00000, 0x0000000086e00000| Untracked 
| 111|0x0000000086f00000, 0x0000000086f00000, 0x0000000087000000|  0%| F|  |TAMS 0x0000000086f00000, 0x0000000086f00000| Untracked 
| 112|0x0000000087000000, 0x0000000087000000, 0x0000000087100000|  0%| F|  |TAMS 0x0000000087000000, 0x0000000087000000| Untracked 
| 113|0x0000000087100000, 0x0000000087100000, 0x0000000087200000|  0%| F|  |TAMS 0x0000000087100000, 0x0000000087100000| Untracked 
| 114|0x0000000087200000, 0x0000000087200000, 0x0000000087300000|  0%| F|  |TAMS 0x0000000087200000, 0x0000000087200000| Untracked 
| 115|0x0000000087300000, 0x0000000087300000, 0x0000000087400000|  0%| F|  |TAMS 0x0000000087300000, 0x0000000087300000| Untracked 
| 116|0x0000000087400000, 0x0000000087400000, 0x0000000087500000|  0%| F|  |TAMS 0x0000000087400000, 0x0000000087400000| Untracked 
| 117|0x0000000087500000, 0x0000000087500000, 0x0000000087600000|  0%| F|  |TAMS 0x0000000087500000, 0x0000000087500000| Untracked 
| 118|0x0000000087600000, 0x0000000087600000, 0x0000000087700000|  0%| F|  |TAMS 0x0000000087600000, 0x0000000087600000| Untracked 
| 119|0x0000000087700000, 0x0000000087700000, 0x0000000087800000|  0%| F|  |TAMS 0x0000000087700000, 0x0000000087700000| Untracked 
| 120|0x0000000087800000, 0x0000000087800000, 0x0000000087900000|  0%| F|  |TAMS 0x0000000087800000, 0x0000000087800000| Untracked 
| 121|0x0000000087900000, 0x0000000087900000, 0x0000000087a00000|  0%| F|  |TAMS 0x0000000087900000, 0x0000000087900000| Untracked 
| 122|0x0000000087a00000, 0x0000000087a00000, 0x0000000087b00000|  0%| F|  |TAMS 0x0000000087a00000, 0x0000000087a00000| Untracked 
| 123|0x0000000087b00000, 0x0000000087b00000, 0x0000000087c00000|  0%| F|  |TAMS 0x0000000087b00000, 0x0000000087b00000| Untracked 
| 124|0x0000000087c00000, 0x0000000087c00000, 0x0000000087d00000|  0%| F|  |TAMS 0x0000000087c00000, 0x0000000087c00000| Untracked 
| 125|0x0000000087d00000, 0x0000000087d00000, 0x0000000087e00000|  0%| F|  |TAMS 0x0000000087d00000, 0x0000000087d00000| Untracked 
| 126|0x0000000087e00000, 0x0000000087e00000, 0x0000000087f00000|  0%| F|  |TAMS 0x0000000087e00000, 0x0000000087e00000| Untracked 
| 127|0x0000000087f00000, 0x0000000087f00000, 0x0000000088000000|  0%| F|  |TAMS 0x0000000087f00000, 0x0000000087f00000| Untracked 
| 128|0x0000000088000000, 0x0000000088000000, 0x0000000088100000|  0%| F|  |TAMS 0x0000000088000000, 0x0000000088000000| Untracked 
| 129|0x0000000088100000, 0x0000000088100000, 0x0000000088200000|  0%| F|  |TAMS 0x0000000088100000, 0x0000000088100000| Untracked 
| 130|0x0000000088200000, 0x0000000088200000, 0x0000000088300000|  0%| F|  |TAMS 0x0000000088200000, 0x0000000088200000| Untracked 
| 131|0x0000000088300000, 0x0000000088300000, 0x0000000088400000|  0%| F|  |TAMS 0x0000000088300000, 0x0000000088300000| Untracked 
| 132|0x0000000088400000, 0x0000000088400000, 0x0000000088500000|  0%| F|  |TAMS 0x0000000088400000, 0x0000000088400000| Untracked 
| 133|0x0000000088500000, 0x0000000088500000, 0x0000000088600000|  0%| F|  |TAMS 0x0000000088500000, 0x0000000088500000| Untracked 
| 134|0x0000000088600000, 0x0000000088600000, 0x0000000088700000|  0%| F|  |TAMS 0x0000000088600000, 0x0000000088600000| Untracked 
| 135|0x0000000088700000, 0x0000000088700000, 0x0000000088800000|  0%| F|  |TAMS 0x0000000088700000, 0x0000000088700000| Untracked 
| 136|0x0000000088800000, 0x0000000088800000, 0x0000000088900000|  0%| F|  |TAMS 0x0000000088800000, 0x0000000088800000| Untracked 
| 137|0x0000000088900000, 0x0000000088900000, 0x0000000088a00000|  0%| F|  |TAMS 0x0000000088900000, 0x0000000088900000| Untracked 
| 138|0x0000000088a00000, 0x0000000088a00000, 0x0000000088b00000|  0%| F|  |TAMS 0x0000000088a00000, 0x0000000088a00000| Untracked 
| 139|0x0000000088b00000, 0x0000000088b00000, 0x0000000088c00000|  0%| F|  |TAMS 0x0000000088b00000, 0x0000000088b00000| Untracked 
| 140|0x0000000088c00000, 0x0000000088c00000, 0x0000000088d00000|  0%| F|  |TAMS 0x0000000088c00000, 0x0000000088c00000| Untracked 
| 141|0x0000000088d00000, 0x0000000088d00000, 0x0000000088e00000|  0%| F|  |TAMS 0x0000000088d00000, 0x0000000088d00000| Untracked 
| 142|0x0000000088e00000, 0x0000000088e00000, 0x0000000088f00000|  0%| F|  |TAMS 0x0000000088e00000, 0x0000000088e00000| Untracked 
| 143|0x0000000088f00000, 0x0000000088f00000, 0x0000000089000000|  0%| F|  |TAMS 0x0000000088f00000, 0x0000000088f00000| Untracked 
| 144|0x0000000089000000, 0x0000000089000000, 0x0000000089100000|  0%| F|  |TAMS 0x0000000089000000, 0x0000000089000000| Untracked 
| 145|0x0000000089100000, 0x0000000089100000, 0x0000000089200000|  0%| F|  |TAMS 0x0000000089100000, 0x0000000089100000| Untracked 
| 146|0x0000000089200000, 0x0000000089200000, 0x0000000089300000|  0%| F|  |TAMS 0x0000000089200000, 0x0000000089200000| Untracked 
| 147|0x0000000089300000, 0x0000000089300000, 0x0000000089400000|  0%| F|  |TAMS 0x0000000089300000, 0x0000000089300000| Untracked 
| 148|0x0000000089400000, 0x0000000089400000, 0x0000000089500000|  0%| F|  |TAMS 0x0000000089400000, 0x0000000089400000| Untracked 
| 149|0x0000000089500000, 0x0000000089500000, 0x0000000089600000|  0%| F|  |TAMS 0x0000000089500000, 0x0000000089500000| Untracked 
| 150|0x0000000089600000, 0x0000000089600000, 0x0000000089700000|  0%| F|  |TAMS 0x0000000089600000, 0x0000000089600000| Untracked 
| 151|0x0000000089700000, 0x0000000089700000, 0x0000000089800000|  0%| F|  |TAMS 0x0000000089700000, 0x0000000089700000| Untracked 
| 152|0x0000000089800000, 0x0000000089800000, 0x0000000089900000|  0%| F|  |TAMS 0x0000000089800000, 0x0000000089800000| Untracked 
| 153|0x0000000089900000, 0x0000000089900000, 0x0000000089a00000|  0%| F|  |TAMS 0x0000000089900000, 0x0000000089900000| Untracked 
| 154|0x0000000089a00000, 0x0000000089a00000, 0x0000000089b00000|  0%| F|  |TAMS 0x0000000089a00000, 0x0000000089a00000| Untracked 
| 155|0x0000000089b00000, 0x0000000089b00000, 0x0000000089c00000|  0%| F|  |TAMS 0x0000000089b00000, 0x0000000089b00000| Untracked 
| 156|0x0000000089c00000, 0x0000000089c00000, 0x0000000089d00000|  0%| F|  |TAMS 0x0000000089c00000, 0x0000000089c00000| Untracked 
| 157|0x0000000089d00000, 0x0000000089d00000, 0x0000000089e00000|  0%| F|  |TAMS 0x0000000089d00000, 0x0000000089d00000| Untracked 
| 158|0x0000000089e00000, 0x0000000089e00000, 0x0000000089f00000|  0%| F|  |TAMS 0x0000000089e00000, 0x0000000089e00000| Untracked 
| 159|0x0000000089f00000, 0x0000000089f00000, 0x000000008a000000|  0%| F|  |TAMS 0x0000000089f00000, 0x0000000089f00000| Untracked 
| 160|0x000000008a000000, 0x000000008a000000, 0x000000008a100000|  0%| F|  |TAMS 0x000000008a000000, 0x000000008a000000| Untracked 
| 161|0x000000008a100000, 0x000000008a100000, 0x000000008a200000|  0%| F|  |TAMS 0x000000008a100000, 0x000000008a100000| Untracked 
| 162|0x000000008a200000, 0x000000008a200000, 0x000000008a300000|  0%| F|  |TAMS 0x000000008a200000, 0x000000008a200000| Untracked 
| 163|0x000000008a300000, 0x000000008a300000, 0x000000008a400000|  0%| F|  |TAMS 0x000000008a300000, 0x000000008a300000| Untracked 
| 164|0x000000008a400000, 0x000000008a400000, 0x000000008a500000|  0%| F|  |TAMS 0x000000008a400000, 0x000000008a400000| Untracked 
| 165|0x000000008a500000, 0x000000008a500000, 0x000000008a600000|  0%| F|  |TAMS 0x000000008a500000, 0x000000008a500000| Untracked 
| 166|0x000000008a600000, 0x000000008a600000, 0x000000008a700000|  0%| F|  |TAMS 0x000000008a600000, 0x000000008a600000| Untracked 
| 167|0x000000008a700000, 0x000000008a700000, 0x000000008a800000|  0%| F|  |TAMS 0x000000008a700000, 0x000000008a700000| Untracked 
| 168|0x000000008a800000, 0x000000008a800000, 0x000000008a900000|  0%| F|  |TAMS 0x000000008a800000, 0x000000008a800000| Untracked 
| 169|0x000000008a900000, 0x000000008a900000, 0x000000008aa00000|  0%| F|  |TAMS 0x000000008a900000, 0x000000008a900000| Untracked 
| 170|0x000000008aa00000, 0x000000008aa00000, 0x000000008ab00000|  0%| F|  |TAMS 0x000000008aa00000, 0x000000008aa00000| Untracked 
| 171|0x000000008ab00000, 0x000000008ab00000, 0x000000008ac00000|  0%| F|  |TAMS 0x000000008ab00000, 0x000000008ab00000| Untracked 
| 172|0x000000008ac00000, 0x000000008ac00000, 0x000000008ad00000|  0%| F|  |TAMS 0x000000008ac00000, 0x000000008ac00000| Untracked 
| 173|0x000000008ad00000, 0x000000008ad00000, 0x000000008ae00000|  0%| F|  |TAMS 0x000000008ad00000, 0x000000008ad00000| Untracked 
| 174|0x000000008ae00000, 0x000000008ae00000, 0x000000008af00000|  0%| F|  |TAMS 0x000000008ae00000, 0x000000008ae00000| Untracked 
| 175|0x000000008af00000, 0x000000008af00000, 0x000000008b000000|  0%| F|  |TAMS 0x000000008af00000, 0x000000008af00000| Untracked 
| 176|0x000000008b000000, 0x000000008b000000, 0x000000008b100000|  0%| F|  |TAMS 0x000000008b000000, 0x000000008b000000| Untracked 
| 177|0x000000008b100000, 0x000000008b100000, 0x000000008b200000|  0%| F|  |TAMS 0x000000008b100000, 0x000000008b100000| Untracked 
| 178|0x000000008b200000, 0x000000008b200000, 0x000000008b300000|  0%| F|  |TAMS 0x000000008b200000, 0x000000008b200000| Untracked 
| 179|0x000000008b300000, 0x000000008b300000, 0x000000008b400000|  0%| F|  |TAMS 0x000000008b300000, 0x000000008b300000| Untracked 
| 180|0x000000008b400000, 0x000000008b400000, 0x000000008b500000|  0%| F|  |TAMS 0x000000008b400000, 0x000000008b400000| Untracked 
| 181|0x000000008b500000, 0x000000008b500000, 0x000000008b600000|  0%| F|  |TAMS 0x000000008b500000, 0x000000008b500000| Untracked 
| 182|0x000000008b600000, 0x000000008b600000, 0x000000008b700000|  0%| F|  |TAMS 0x000000008b600000, 0x000000008b600000| Untracked 
| 183|0x000000008b700000, 0x000000008b700000, 0x000000008b800000|  0%| F|  |TAMS 0x000000008b700000, 0x000000008b700000| Untracked 
| 184|0x000000008b800000, 0x000000008b800000, 0x000000008b900000|  0%| F|  |TAMS 0x000000008b800000, 0x000000008b800000| Untracked 
| 185|0x000000008b900000, 0x000000008b900000, 0x000000008ba00000|  0%| F|  |TAMS 0x000000008b900000, 0x000000008b900000| Untracked 
| 186|0x000000008ba00000, 0x000000008ba00000, 0x000000008bb00000|  0%| F|  |TAMS 0x000000008ba00000, 0x000000008ba00000| Untracked 
| 187|0x000000008bb00000, 0x000000008bb00000, 0x000000008bc00000|  0%| F|  |TAMS 0x000000008bb00000, 0x000000008bb00000| Untracked 
| 188|0x000000008bc00000, 0x000000008bc00000, 0x000000008bd00000|  0%| F|  |TAMS 0x000000008bc00000, 0x000000008bc00000| Untracked 
| 189|0x000000008bd00000, 0x000000008bd00000, 0x000000008be00000|  0%| F|  |TAMS 0x000000008bd00000, 0x000000008bd00000| Untracked 
| 190|0x000000008be00000, 0x000000008be00000, 0x000000008bf00000|  0%| F|  |TAMS 0x000000008be00000, 0x000000008be00000| Untracked 
| 191|0x000000008bf00000, 0x000000008bf00000, 0x000000008c000000|  0%| F|  |TAMS 0x000000008bf00000, 0x000000008bf00000| Untracked 
| 192|0x000000008c000000, 0x000000008c000000, 0x000000008c100000|  0%| F|  |TAMS 0x000000008c000000, 0x000000008c000000| Untracked 
| 193|0x000000008c100000, 0x000000008c100000, 0x000000008c200000|  0%| F|  |TAMS 0x000000008c100000, 0x000000008c100000| Untracked 
| 194|0x000000008c200000, 0x000000008c200000, 0x000000008c300000|  0%| F|  |TAMS 0x000000008c200000, 0x000000008c200000| Untracked 
| 195|0x000000008c300000, 0x000000008c300000, 0x000000008c400000|  0%| F|  |TAMS 0x000000008c300000, 0x000000008c300000| Untracked 
| 196|0x000000008c400000, 0x000000008c400000, 0x000000008c500000|  0%| F|  |TAMS 0x000000008c400000, 0x000000008c400000| Untracked 
| 197|0x000000008c500000, 0x000000008c500000, 0x000000008c600000|  0%| F|  |TAMS 0x000000008c500000, 0x000000008c500000| Untracked 
| 198|0x000000008c600000, 0x000000008c600000, 0x000000008c700000|  0%| F|  |TAMS 0x000000008c600000, 0x000000008c600000| Untracked 
| 199|0x000000008c700000, 0x000000008c700000, 0x000000008c800000|  0%| F|  |TAMS 0x000000008c700000, 0x000000008c700000| Untracked 
| 200|0x000000008c800000, 0x000000008c800000, 0x000000008c900000|  0%| F|  |TAMS 0x000000008c800000, 0x000000008c800000| Untracked 
| 201|0x000000008c900000, 0x000000008c900000, 0x000000008ca00000|  0%| F|  |TAMS 0x000000008c900000, 0x000000008c900000| Untracked 
| 202|0x000000008ca00000, 0x000000008ca00000, 0x000000008cb00000|  0%| F|  |TAMS 0x000000008ca00000, 0x000000008ca00000| Untracked 
| 203|0x000000008cb00000, 0x000000008cb00000, 0x000000008cc00000|  0%| F|  |TAMS 0x000000008cb00000, 0x000000008cb00000| Untracked 
| 204|0x000000008cc00000, 0x000000008cc00000, 0x000000008cd00000|  0%| F|  |TAMS 0x000000008cc00000, 0x000000008cc00000| Untracked 
| 205|0x000000008cd00000, 0x000000008cd00000, 0x000000008ce00000|  0%| F|  |TAMS 0x000000008cd00000, 0x000000008cd00000| Untracked 
| 206|0x000000008ce00000, 0x000000008ce00000, 0x000000008cf00000|  0%| F|  |TAMS 0x000000008ce00000, 0x000000008ce00000| Untracked 
| 207|0x000000008cf00000, 0x000000008cf00000, 0x000000008d000000|  0%| F|  |TAMS 0x000000008cf00000, 0x000000008cf00000| Untracked 
| 208|0x000000008d000000, 0x000000008d000000, 0x000000008d100000|  0%| F|  |TAMS 0x000000008d000000, 0x000000008d000000| Untracked 
| 209|0x000000008d100000, 0x000000008d100000, 0x000000008d200000|  0%| F|  |TAMS 0x000000008d100000, 0x000000008d100000| Untracked 
| 210|0x000000008d200000, 0x000000008d200000, 0x000000008d300000|  0%| F|  |TAMS 0x000000008d200000, 0x000000008d200000| Untracked 
| 211|0x000000008d300000, 0x000000008d300000, 0x000000008d400000|  0%| F|  |TAMS 0x000000008d300000, 0x000000008d300000| Untracked 
| 212|0x000000008d400000, 0x000000008d400000, 0x000000008d500000|  0%| F|  |TAMS 0x000000008d400000, 0x000000008d400000| Untracked 
| 213|0x000000008d500000, 0x000000008d500000, 0x000000008d600000|  0%| F|  |TAMS 0x000000008d500000, 0x000000008d500000| Untracked 
| 214|0x000000008d600000, 0x000000008d600000, 0x000000008d700000|  0%| F|  |TAMS 0x000000008d600000, 0x000000008d600000| Untracked 
| 215|0x000000008d700000, 0x000000008d700000, 0x000000008d800000|  0%| F|  |TAMS 0x000000008d700000, 0x000000008d700000| Untracked 
| 216|0x000000008d800000, 0x000000008d800000, 0x000000008d900000|  0%| F|  |TAMS 0x000000008d800000, 0x000000008d800000| Untracked 
| 217|0x000000008d900000, 0x000000008d900000, 0x000000008da00000|  0%| F|  |TAMS 0x000000008d900000, 0x000000008d900000| Untracked 
| 218|0x000000008da00000, 0x000000008da00000, 0x000000008db00000|  0%| F|  |TAMS 0x000000008da00000, 0x000000008da00000| Untracked 
| 219|0x000000008db00000, 0x000000008db00000, 0x000000008dc00000|  0%| F|  |TAMS 0x000000008db00000, 0x000000008db00000| Untracked 
| 220|0x000000008dc00000, 0x000000008dc00000, 0x000000008dd00000|  0%| F|  |TAMS 0x000000008dc00000, 0x000000008dc00000| Untracked 
| 221|0x000000008dd00000, 0x000000008dd00000, 0x000000008de00000|  0%| F|  |TAMS 0x000000008dd00000, 0x000000008dd00000| Untracked 
| 222|0x000000008de00000, 0x000000008de00000, 0x000000008df00000|  0%| F|  |TAMS 0x000000008de00000, 0x000000008de00000| Untracked 
| 223|0x000000008df00000, 0x000000008df00000, 0x000000008e000000|  0%| F|  |TAMS 0x000000008df00000, 0x000000008df00000| Untracked 
| 224|0x000000008e000000, 0x000000008e000000, 0x000000008e100000|  0%| F|  |TAMS 0x000000008e000000, 0x000000008e000000| Untracked 
| 225|0x000000008e100000, 0x000000008e100000, 0x000000008e200000|  0%| F|  |TAMS 0x000000008e100000, 0x000000008e100000| Untracked 
| 226|0x000000008e200000, 0x000000008e200000, 0x000000008e300000|  0%| F|  |TAMS 0x000000008e200000, 0x000000008e200000| Untracked 
| 227|0x000000008e300000, 0x000000008e300000, 0x000000008e400000|  0%| F|  |TAMS 0x000000008e300000, 0x000000008e300000| Untracked 
| 228|0x000000008e400000, 0x000000008e400000, 0x000000008e500000|  0%| F|  |TAMS 0x000000008e400000, 0x000000008e400000| Untracked 
| 229|0x000000008e500000, 0x000000008e500000, 0x000000008e600000|  0%| F|  |TAMS 0x000000008e500000, 0x000000008e500000| Untracked 
| 230|0x000000008e600000, 0x000000008e600000, 0x000000008e700000|  0%| F|  |TAMS 0x000000008e600000, 0x000000008e600000| Untracked 
| 231|0x000000008e700000, 0x000000008e700000, 0x000000008e800000|  0%| F|  |TAMS 0x000000008e700000, 0x000000008e700000| Untracked 
| 232|0x000000008e800000, 0x000000008e800000, 0x000000008e900000|  0%| F|  |TAMS 0x000000008e800000, 0x000000008e800000| Untracked 
| 233|0x000000008e900000, 0x000000008e900000, 0x000000008ea00000|  0%| F|  |TAMS 0x000000008e900000, 0x000000008e900000| Untracked 
| 234|0x000000008ea00000, 0x000000008ea00000, 0x000000008eb00000|  0%| F|  |TAMS 0x000000008ea00000, 0x000000008ea00000| Untracked 
| 235|0x000000008eb00000, 0x000000008eb00000, 0x000000008ec00000|  0%| F|  |TAMS 0x000000008eb00000, 0x000000008eb00000| Untracked 
| 236|0x000000008ec00000, 0x000000008ec00000, 0x000000008ed00000|  0%| F|  |TAMS 0x000000008ec00000, 0x000000008ec00000| Untracked 
| 237|0x000000008ed00000, 0x000000008ed00000, 0x000000008ee00000|  0%| F|  |TAMS 0x000000008ed00000, 0x000000008ed00000| Untracked 
| 238|0x000000008ee00000, 0x000000008ee00000, 0x000000008ef00000|  0%| F|  |TAMS 0x000000008ee00000, 0x000000008ee00000| Untracked 
| 239|0x000000008ef00000, 0x000000008ef00000, 0x000000008f000000|  0%| F|  |TAMS 0x000000008ef00000, 0x000000008ef00000| Untracked 
| 240|0x000000008f000000, 0x000000008f000000, 0x000000008f100000|  0%| F|  |TAMS 0x000000008f000000, 0x000000008f000000| Untracked 
| 241|0x000000008f100000, 0x000000008f100000, 0x000000008f200000|  0%| F|  |TAMS 0x000000008f100000, 0x000000008f100000| Untracked 
| 242|0x000000008f200000, 0x000000008f200000, 0x000000008f300000|  0%| F|  |TAMS 0x000000008f200000, 0x000000008f200000| Untracked 
| 243|0x000000008f300000, 0x000000008f300000, 0x000000008f400000|  0%| F|  |TAMS 0x000000008f300000, 0x000000008f300000| Untracked 
| 244|0x000000008f400000, 0x000000008f400000, 0x000000008f500000|  0%| F|  |TAMS 0x000000008f400000, 0x000000008f400000| Untracked 
| 245|0x000000008f500000, 0x000000008f500000, 0x000000008f600000|  0%| F|  |TAMS 0x000000008f500000, 0x000000008f500000| Untracked 
| 246|0x000000008f600000, 0x000000008f600000, 0x000000008f700000|  0%| F|  |TAMS 0x000000008f600000, 0x000000008f600000| Untracked 
| 247|0x000000008f700000, 0x000000008f700000, 0x000000008f800000|  0%| F|  |TAMS 0x000000008f700000, 0x000000008f700000| Untracked 
| 248|0x000000008f800000, 0x000000008f800000, 0x000000008f900000|  0%| F|  |TAMS 0x000000008f800000, 0x000000008f800000| Untracked 
| 249|0x000000008f900000, 0x000000008f900000, 0x000000008fa00000|  0%| F|  |TAMS 0x000000008f900000, 0x000000008f900000| Untracked 
| 250|0x000000008fa00000, 0x000000008fa00000, 0x000000008fb00000|  0%| F|  |TAMS 0x000000008fa00000, 0x000000008fa00000| Untracked 
| 251|0x000000008fb00000, 0x000000008fb00000, 0x000000008fc00000|  0%| F|  |TAMS 0x000000008fb00000, 0x000000008fb00000| Untracked 
| 252|0x000000008fc00000, 0x000000008fc00000, 0x000000008fd00000|  0%| F|  |TAMS 0x000000008fc00000, 0x000000008fc00000| Untracked 
| 253|0x000000008fd00000, 0x000000008fd00000, 0x000000008fe00000|  0%| F|  |TAMS 0x000000008fd00000, 0x000000008fd00000| Untracked 
| 254|0x000000008fe00000, 0x000000008fe00000, 0x000000008ff00000|  0%| F|  |TAMS 0x000000008fe00000, 0x000000008fe00000| Untracked 
| 255|0x000000008ff00000, 0x000000008ff00000, 0x0000000090000000|  0%| F|  |TAMS 0x000000008ff00000, 0x000000008ff00000| Untracked 
| 256|0x0000000090000000, 0x0000000090000000, 0x0000000090100000|  0%| F|  |TAMS 0x0000000090000000, 0x0000000090000000| Untracked 
| 257|0x0000000090100000, 0x0000000090200000, 0x0000000090200000|100%| E|  |TAMS 0x0000000090100000, 0x0000000090100000| Complete 
| 258|0x0000000090200000, 0x0000000090300000, 0x0000000090300000|100%| E|CS|TAMS 0x0000000090200000, 0x0000000090200000| Complete 
| 259|0x0000000090300000, 0x0000000090400000, 0x0000000090400000|100%| E|CS|TAMS 0x0000000090300000, 0x0000000090300000| Complete 
| 260|0x0000000090400000, 0x0000000090500000, 0x0000000090500000|100%| E|CS|TAMS 0x0000000090400000, 0x0000000090400000| Complete 
| 261|0x0000000090500000, 0x0000000090600000, 0x0000000090600000|100%| E|CS|TAMS 0x0000000090500000, 0x0000000090500000| Complete 
| 262|0x0000000090600000, 0x0000000090700000, 0x0000000090700000|100%| E|CS|TAMS 0x0000000090600000, 0x0000000090600000| Complete 
| 263|0x0000000090700000, 0x0000000090800000, 0x0000000090800000|100%| E|CS|TAMS 0x0000000090700000, 0x0000000090700000| Complete 
| 264|0x0000000090800000, 0x0000000090900000, 0x0000000090900000|100%| E|CS|TAMS 0x0000000090800000, 0x0000000090800000| Complete 
| 265|0x0000000090900000, 0x0000000090a00000, 0x0000000090a00000|100%| E|CS|TAMS 0x0000000090900000, 0x0000000090900000| Complete 
| 266|0x0000000090a00000, 0x0000000090b00000, 0x0000000090b00000|100%| E|CS|TAMS 0x0000000090a00000, 0x0000000090a00000| Complete 
| 267|0x0000000090b00000, 0x0000000090c00000, 0x0000000090c00000|100%| E|CS|TAMS 0x0000000090b00000, 0x0000000090b00000| Complete 
| 268|0x0000000090c00000, 0x0000000090d00000, 0x0000000090d00000|100%| E|CS|TAMS 0x0000000090c00000, 0x0000000090c00000| Complete 
| 269|0x0000000090d00000, 0x0000000090e00000, 0x0000000090e00000|100%| E|CS|TAMS 0x0000000090d00000, 0x0000000090d00000| Complete 
| 270|0x0000000090e00000, 0x0000000090f00000, 0x0000000090f00000|100%| E|CS|TAMS 0x0000000090e00000, 0x0000000090e00000| Complete 
| 271|0x0000000090f00000, 0x0000000091000000, 0x0000000091000000|100%| E|CS|TAMS 0x0000000090f00000, 0x0000000090f00000| Complete 
| 272|0x0000000091000000, 0x0000000091100000, 0x0000000091100000|100%| E|CS|TAMS 0x0000000091000000, 0x0000000091000000| Complete 
| 273|0x0000000091100000, 0x0000000091200000, 0x0000000091200000|100%| E|CS|TAMS 0x0000000091100000, 0x0000000091100000| Complete 
| 274|0x0000000091200000, 0x0000000091300000, 0x0000000091300000|100%| E|CS|TAMS 0x0000000091200000, 0x0000000091200000| Complete 
| 275|0x0000000091300000, 0x0000000091400000, 0x0000000091400000|100%| E|CS|TAMS 0x0000000091300000, 0x0000000091300000| Complete 
| 276|0x0000000091400000, 0x0000000091500000, 0x0000000091500000|100%| E|CS|TAMS 0x0000000091400000, 0x0000000091400000| Complete 
| 277|0x0000000091500000, 0x0000000091600000, 0x0000000091600000|100%| E|CS|TAMS 0x0000000091500000, 0x0000000091500000| Complete 
| 278|0x0000000091600000, 0x0000000091700000, 0x0000000091700000|100%| E|CS|TAMS 0x0000000091600000, 0x0000000091600000| Complete 
| 279|0x0000000091700000, 0x0000000091800000, 0x0000000091800000|100%| E|CS|TAMS 0x0000000091700000, 0x0000000091700000| Complete 
| 280|0x0000000091800000, 0x0000000091900000, 0x0000000091900000|100%| E|CS|TAMS 0x0000000091800000, 0x0000000091800000| Complete 
| 281|0x0000000091900000, 0x0000000091a00000, 0x0000000091a00000|100%| E|CS|TAMS 0x0000000091900000, 0x0000000091900000| Complete 
| 282|0x0000000091a00000, 0x0000000091b00000, 0x0000000091b00000|100%| E|CS|TAMS 0x0000000091a00000, 0x0000000091a00000| Complete 
| 283|0x0000000091b00000, 0x0000000091c00000, 0x0000000091c00000|100%| E|CS|TAMS 0x0000000091b00000, 0x0000000091b00000| Complete 
| 284|0x0000000091c00000, 0x0000000091d00000, 0x0000000091d00000|100%| E|CS|TAMS 0x0000000091c00000, 0x0000000091c00000| Complete 
| 285|0x0000000091d00000, 0x0000000091e00000, 0x0000000091e00000|100%| E|CS|TAMS 0x0000000091d00000, 0x0000000091d00000| Complete 
| 286|0x0000000091e00000, 0x0000000091f00000, 0x0000000091f00000|100%| E|CS|TAMS 0x0000000091e00000, 0x0000000091e00000| Complete 
| 287|0x0000000091f00000, 0x0000000092000000, 0x0000000092000000|100%| E|CS|TAMS 0x0000000091f00000, 0x0000000091f00000| Complete 
| 288|0x0000000092000000, 0x0000000092100000, 0x0000000092100000|100%| E|CS|TAMS 0x0000000092000000, 0x0000000092000000| Complete 
| 289|0x0000000092100000, 0x0000000092200000, 0x0000000092200000|100%| E|CS|TAMS 0x0000000092100000, 0x0000000092100000| Complete 
| 290|0x0000000092200000, 0x0000000092300000, 0x0000000092300000|100%| E|CS|TAMS 0x0000000092200000, 0x0000000092200000| Complete 
| 291|0x0000000092300000, 0x0000000092400000, 0x0000000092400000|100%| E|CS|TAMS 0x0000000092300000, 0x0000000092300000| Complete 
| 292|0x0000000092400000, 0x0000000092500000, 0x0000000092500000|100%| E|CS|TAMS 0x0000000092400000, 0x0000000092400000| Complete 
| 293|0x0000000092500000, 0x0000000092600000, 0x0000000092600000|100%| E|CS|TAMS 0x0000000092500000, 0x0000000092500000| Complete 
| 294|0x0000000092600000, 0x0000000092700000, 0x0000000092700000|100%| E|CS|TAMS 0x0000000092600000, 0x0000000092600000| Complete 
| 295|0x0000000092700000, 0x0000000092800000, 0x0000000092800000|100%| E|CS|TAMS 0x0000000092700000, 0x0000000092700000| Complete 
| 296|0x0000000092800000, 0x0000000092900000, 0x0000000092900000|100%| E|CS|TAMS 0x0000000092800000, 0x0000000092800000| Complete 
| 297|0x0000000092900000, 0x0000000092a00000, 0x0000000092a00000|100%| E|CS|TAMS 0x0000000092900000, 0x0000000092900000| Complete 
| 298|0x0000000092a00000, 0x0000000092b00000, 0x0000000092b00000|100%| E|CS|TAMS 0x0000000092a00000, 0x0000000092a00000| Complete 
| 299|0x0000000092b00000, 0x0000000092c00000, 0x0000000092c00000|100%| E|CS|TAMS 0x0000000092b00000, 0x0000000092b00000| Complete 

Card table byte_map: [0x000001956c9d0000,0x000001956cdd0000] _byte_map_base: 0x000001956c5d0000

Marking Bits (Prev, Next): (CMBitMap*) 0x00000195552b2ea0, (CMBitMap*) 0x00000195552b2ee0
 Prev Bits: [0x000001956d1d0000, 0x000001956f1d0000)
 Next Bits: [0x000001956f1d0000, 0x00000195711d0000)

Polling page: 0x00000195531e0000

Metaspace:

Usage:
  Non-class:     35.47 MB used.
      Class:      5.49 MB used.
       Both:     40.96 MB used.

Virtual space:
  Non-class space:       40.00 MB reserved,      35.81 MB ( 90%) committed,  5 nodes.
      Class space:      412.00 MB reserved,       5.75 MB (  1%) committed,  1 nodes.
             Both:      452.00 MB reserved,      41.56 MB (  9%) committed. 

Chunk freelists:
   Non-Class:  48.00 KB
       Class:  2.08 MB
        Both:  2.12 MB

MaxMetaspaceSize: 512.00 MB
CompressedClassSpaceSize: 412.00 MB
Initial GC threshold: 21.00 MB
Current GC threshold: 58.75 MB
CDS: on
MetaspaceReclaimPolicy: balanced
 - commit_granule_bytes: 65536.
 - commit_granule_words: 8192.
 - virtual_space_node_default_size: 1048576.
 - enlarge_chunks_in_place: 1.
 - new_chunks_are_fully_committed: 0.
 - uncommit_free_chunks: 1.
 - use_allocation_guard: 0.
 - handle_deallocations: 1.


Internal statistics:

num_allocs_failed_limit: 6.
num_arena_births: 538.
num_arena_deaths: 0.
num_vsnodes_births: 6.
num_vsnodes_deaths: 0.
num_space_committed: 665.
num_space_uncommitted: 0.
num_chunks_returned_to_freelist: 6.
num_chunks_taken_from_freelist: 2096.
num_chunk_merges: 6.
num_chunk_splits: 1403.
num_chunks_enlarged: 988.
num_purges: 0.
num_inconsistent_stats: 0.

CodeHeap 'non-profiled nmethods': size=119168Kb used=3551Kb max_used=3551Kb free=115616Kb
 bounds [0x00000195648e0000, 0x0000019564c60000, 0x000001956bd40000]
CodeHeap 'profiled nmethods': size=119104Kb used=14299Kb max_used=14299Kb free=104804Kb
 bounds [0x000001955d490000, 0x000001955e290000, 0x00000195648e0000]
CodeHeap 'non-nmethods': size=7488Kb used=3439Kb max_used=3507Kb free=4048Kb
 bounds [0x000001955cd40000, 0x000001955d0b0000, 0x000001955d490000]
 total_blobs=7754 nmethods=6927 adapters=736
 compilation: enabled
              stopped_count=0, restarted_count=0
 full_count=0

Compilation events (20 events):
Event: 22.721 Thread 0x00000195775ac3a0 7981 %     3       com.google.common.io.ByteStreams::read @ 50 (93 bytes)
Event: 22.722 Thread 0x00000195775ac3a0 nmethod 7981% 0x000001955e27ff90 code [0x000001955e2802a0, 0x000001955e281678]
Event: 22.812 Thread 0x0000019574c5f030 7986       3       com.google.common.io.ByteStreams::read (93 bytes)
Event: 22.813 Thread 0x0000019574c5f030 nmethod 7986 0x000001955e281d10 code [0x000001955e282020, 0x000001955e283318]
Event: 22.997 Thread 0x0000019574c5f030 7990       2       org.gradle.api.internal.runtimeshaded.ImplementationDependencyRelocator::keepOriginalResource (26 bytes)
Event: 22.997 Thread 0x0000019574c5f030 nmethod 7990 0x000001955e283a10 code [0x000001955e283c00, 0x000001955e283e98]
Event: 23.045 Thread 0x0000019574c5f030 7991       1       org.gradle.api.internal.runtimeshaded.ImplementationDependencyRelocator$ClassLiteralRemapping::getFieldNameReplacement (5 bytes)
Event: 23.046 Thread 0x0000019574c5f030 nmethod 7991 0x0000019564c45190 code [0x0000019564c45320, 0x0000019564c453f8]
Event: 23.059 Thread 0x000001957415ffe0 nmethod 7875 0x0000019564c45490 code [0x0000019564c45d20, 0x0000019564c50b78]
Event: 23.060 Thread 0x000001957415ffe0 7681       4       org.objectweb.asm.Type::getReturnTypeOffset (64 bytes)
Event: 23.069 Thread 0x000001957415ffe0 nmethod 7681 0x0000019564c57010 code [0x0000019564c571c0, 0x0000019564c578a8]
Event: 23.069 Thread 0x000001957415ffe0 7541       4       org.objectweb.asm.commons.Remapper::mapType (123 bytes)
Event: 23.102 Thread 0x00000195775ac3a0 7993       2       org.gradle.api.internal.runtimeshaded.RuntimeShadedJarCreator::processResource (125 bytes)
Event: 23.104 Thread 0x00000195775ac3a0 nmethod 7993 0x000001955e284090 code [0x000001955e284340, 0x000001955e284a08]
Event: 23.273 Thread 0x00000195775ac3a0 7994       2       java.util.zip.ZipEntry::setExtra0 (493 bytes)
Event: 23.275 Thread 0x00000195775ac3a0 nmethod 7994 0x000001955e284f90 code [0x000001955e285240, 0x000001955e286158]
Event: 23.290 Thread 0x00000195775ac3a0 7995       2       net.rubygrapefruit.platform.internal.FunctionResult::<init> (12 bytes)
Event: 23.290 Thread 0x000001957416a7d0 7996       2       net.rubygrapefruit.platform.internal.FunctionResult::isFailed (13 bytes)
Event: 23.290 Thread 0x00000195775ac3a0 nmethod 7995 0x000001955e286890 code [0x000001955e286a20, 0x000001955e286b78]
Event: 23.290 Thread 0x000001957416a7d0 nmethod 7996 0x000001955e286c10 code [0x000001955e286da0, 0x000001955e286eb8]

GC Heap History (20 events):
Event: 21.208 GC heap before
{Heap before GC invocations=28 (full 0):
 garbage-first heap   total 177152K, used 151581K [0x0000000080000000, 0x0000000100000000)
  region size 1024K, 99 young (101376K), 6 survivors (6144K)
 Metaspace       used 41912K, committed 42496K, reserved 462848K
  class space    used 5621K, committed 5888K, reserved 421888K
}
Event: 21.213 GC heap after
{Heap after GC invocations=29 (full 0):
 garbage-first heap   total 212992K, used 56571K [0x0000000080000000, 0x0000000100000000)
  region size 1024K, 6 young (6144K), 6 survivors (6144K)
 Metaspace       used 41912K, committed 42496K, reserved 462848K
  class space    used 5621K, committed 5888K, reserved 421888K
}
Event: 21.436 GC heap before
{Heap before GC invocations=29 (full 0):
 garbage-first heap   total 212992K, used 177403K [0x0000000080000000, 0x0000000100000000)
  region size 1024K, 124 young (126976K), 6 survivors (6144K)
 Metaspace       used 41915K, committed 42496K, reserved 462848K
  class space    used 5621K, committed 5888K, reserved 421888K
}
Event: 21.440 GC heap after
{Heap after GC invocations=30 (full 0):
 garbage-first heap   total 212992K, used 57325K [0x0000000080000000, 0x0000000100000000)
  region size 1024K, 7 young (7168K), 7 survivors (7168K)
 Metaspace       used 41915K, committed 42496K, reserved 462848K
  class space    used 5621K, committed 5888K, reserved 421888K
}
Event: 21.654 GC heap before
{Heap before GC invocations=30 (full 0):
 garbage-first heap   total 212992K, used 177133K [0x0000000080000000, 0x0000000100000000)
  region size 1024K, 124 young (126976K), 7 survivors (7168K)
 Metaspace       used 41915K, committed 42496K, reserved 462848K
  class space    used 5621K, committed 5888K, reserved 421888K
}
Event: 21.659 GC heap after
{Heap after GC invocations=31 (full 0):
 garbage-first heap   total 212992K, used 58164K [0x0000000080000000, 0x0000000100000000)
  region size 1024K, 8 young (8192K), 8 survivors (8192K)
 Metaspace       used 41915K, committed 42496K, reserved 462848K
  class space    used 5621K, committed 5888K, reserved 421888K
}
Event: 21.840 GC heap before
{Heap before GC invocations=31 (full 0):
 garbage-first heap   total 212992K, used 176948K [0x0000000080000000, 0x0000000100000000)
  region size 1024K, 124 young (126976K), 8 survivors (8192K)
 Metaspace       used 41922K, committed 42496K, reserved 462848K
  class space    used 5621K, committed 5888K, reserved 421888K
}
Event: 21.846 GC heap after
{Heap after GC invocations=32 (full 0):
 garbage-first heap   total 212992K, used 58620K [0x0000000080000000, 0x0000000100000000)
  region size 1024K, 6 young (6144K), 6 survivors (6144K)
 Metaspace       used 41922K, committed 42496K, reserved 462848K
  class space    used 5621K, committed 5888K, reserved 421888K
}
Event: 22.045 GC heap before
{Heap before GC invocations=32 (full 0):
 garbage-first heap   total 212992K, used 179452K [0x0000000080000000, 0x0000000100000000)
  region size 1024K, 124 young (126976K), 6 survivors (6144K)
 Metaspace       used 41926K, committed 42496K, reserved 462848K
  class space    used 5621K, committed 5888K, reserved 421888K
}
Event: 22.050 GC heap after
{Heap after GC invocations=33 (full 0):
 garbage-first heap   total 256000K, used 59288K [0x0000000080000000, 0x0000000100000000)
  region size 1024K, 7 young (7168K), 7 survivors (7168K)
 Metaspace       used 41926K, committed 42496K, reserved 462848K
  class space    used 5621K, committed 5888K, reserved 421888K
}
Event: 22.299 GC heap before
{Heap before GC invocations=33 (full 0):
 garbage-first heap   total 256000K, used 205720K [0x0000000080000000, 0x0000000100000000)
  region size 1024K, 150 young (153600K), 7 survivors (7168K)
 Metaspace       used 41935K, committed 42496K, reserved 462848K
  class space    used 5621K, committed 5888K, reserved 421888K
}
Event: 22.304 GC heap after
{Heap after GC invocations=34 (full 0):
 garbage-first heap   total 256000K, used 60242K [0x0000000080000000, 0x0000000100000000)
  region size 1024K, 7 young (7168K), 7 survivors (7168K)
 Metaspace       used 41935K, committed 42496K, reserved 462848K
  class space    used 5621K, committed 5888K, reserved 421888K
}
Event: 22.592 GC heap before
{Heap before GC invocations=34 (full 0):
 garbage-first heap   total 256000K, used 206674K [0x0000000080000000, 0x0000000100000000)
  region size 1024K, 150 young (153600K), 7 survivors (7168K)
 Metaspace       used 41939K, committed 42496K, reserved 462848K
  class space    used 5621K, committed 5888K, reserved 421888K
}
Event: 22.597 GC heap after
{Heap after GC invocations=35 (full 0):
 garbage-first heap   total 256000K, used 61086K [0x0000000080000000, 0x0000000100000000)
  region size 1024K, 8 young (8192K), 8 survivors (8192K)
 Metaspace       used 41939K, committed 42496K, reserved 462848K
  class space    used 5621K, committed 5888K, reserved 421888K
}
Event: 22.815 GC heap before
{Heap before GC invocations=35 (full 0):
 garbage-first heap   total 256000K, used 206494K [0x0000000080000000, 0x0000000100000000)
  region size 1024K, 150 young (153600K), 8 survivors (8192K)
 Metaspace       used 41942K, committed 42560K, reserved 462848K
  class space    used 5621K, committed 5888K, reserved 421888K
}
Event: 22.819 GC heap after
{Heap after GC invocations=36 (full 0):
 garbage-first heap   total 256000K, used 61759K [0x0000000080000000, 0x0000000100000000)
  region size 1024K, 8 young (8192K), 8 survivors (8192K)
 Metaspace       used 41942K, committed 42560K, reserved 462848K
  class space    used 5621K, committed 5888K, reserved 421888K
}
Event: 23.012 GC heap before
{Heap before GC invocations=36 (full 0):
 garbage-first heap   total 256000K, used 207167K [0x0000000080000000, 0x0000000100000000)
  region size 1024K, 150 young (153600K), 8 survivors (8192K)
 Metaspace       used 41943K, committed 42560K, reserved 462848K
  class space    used 5621K, committed 5888K, reserved 421888K
}
Event: 23.018 GC heap after
{Heap after GC invocations=37 (full 0):
 garbage-first heap   total 256000K, used 62290K [0x0000000080000000, 0x0000000100000000)
  region size 1024K, 9 young (9216K), 9 survivors (9216K)
 Metaspace       used 41943K, committed 42560K, reserved 462848K
  class space    used 5621K, committed 5888K, reserved 421888K
}
Event: 23.321 GC heap before
{Heap before GC invocations=37 (full 0):
 garbage-first heap   total 256000K, used 206674K [0x0000000080000000, 0x0000000100000000)
  region size 1024K, 150 young (153600K), 9 survivors (9216K)
 Metaspace       used 41946K, committed 42560K, reserved 462848K
  class space    used 5621K, committed 5888K, reserved 421888K
}
Event: 23.328 GC heap after
{Heap after GC invocations=38 (full 0):
 garbage-first heap   total 307200K, used 63138K [0x0000000080000000, 0x0000000100000000)
  region size 1024K, 9 young (9216K), 9 survivors (9216K)
 Metaspace       used 41946K, committed 42560K, reserved 462848K
  class space    used 5621K, committed 5888K, reserved 421888K
}

Deoptimization events (20 events):
Event: 22.636 Thread 0x0000019575ccf9b0 DEOPT PACKING pc=0x000001955e215612 sp=0x0000002cc50f6e50
Event: 22.636 Thread 0x0000019575ccf9b0 DEOPT UNPACKING pc=0x000001955cd92b43 sp=0x0000002cc50f6560 mode 0
Event: 22.641 Thread 0x0000019575ccf9b0 DEOPT PACKING pc=0x000001955e21677f sp=0x0000002cc50f6e50
Event: 22.641 Thread 0x0000019575ccf9b0 DEOPT UNPACKING pc=0x000001955cd92b43 sp=0x0000002cc50f6560 mode 0
Event: 22.648 Thread 0x0000019575ccf9b0 DEOPT PACKING pc=0x000001955e215612 sp=0x0000002cc50f6e50
Event: 22.648 Thread 0x0000019575ccf9b0 DEOPT UNPACKING pc=0x000001955cd92b43 sp=0x0000002cc50f6560 mode 0
Event: 22.659 Thread 0x0000019575ccf9b0 DEOPT PACKING pc=0x000001955e215612 sp=0x0000002cc50f6e50
Event: 22.659 Thread 0x0000019575ccf9b0 DEOPT UNPACKING pc=0x000001955cd92b43 sp=0x0000002cc50f6560 mode 0
Event: 22.665 Thread 0x0000019575ccf9b0 DEOPT PACKING pc=0x000001955e215612 sp=0x0000002cc50f6e50
Event: 22.665 Thread 0x0000019575ccf9b0 DEOPT UNPACKING pc=0x000001955cd92b43 sp=0x0000002cc50f6560 mode 0
Event: 22.670 Thread 0x0000019575ccf9b0 DEOPT PACKING pc=0x000001955e215612 sp=0x0000002cc50f6e50
Event: 22.670 Thread 0x0000019575ccf9b0 DEOPT UNPACKING pc=0x000001955cd92b43 sp=0x0000002cc50f6560 mode 0
Event: 22.673 Thread 0x0000019575ccf9b0 DEOPT PACKING pc=0x000001955e21677f sp=0x0000002cc50f6e50
Event: 22.673 Thread 0x0000019575ccf9b0 DEOPT UNPACKING pc=0x000001955cd92b43 sp=0x0000002cc50f6560 mode 0
Event: 22.690 Thread 0x0000019575ccf9b0 DEOPT PACKING pc=0x000001955e21677f sp=0x0000002cc50f6e50
Event: 22.690 Thread 0x0000019575ccf9b0 DEOPT UNPACKING pc=0x000001955cd92b43 sp=0x0000002cc50f6560 mode 0
Event: 22.699 Thread 0x0000019575ccf9b0 DEOPT PACKING pc=0x000001955e21677f sp=0x0000002cc50f6e50
Event: 22.699 Thread 0x0000019575ccf9b0 DEOPT UNPACKING pc=0x000001955cd92b43 sp=0x0000002cc50f6560 mode 0
Event: 22.704 Thread 0x0000019575ccf9b0 DEOPT PACKING pc=0x000001955e215612 sp=0x0000002cc50f6e50
Event: 22.704 Thread 0x0000019575ccf9b0 DEOPT UNPACKING pc=0x000001955cd92b43 sp=0x0000002cc50f6560 mode 0

Classes unloaded (0 events):
No events

Classes redefined (0 events):
No events

Internal exceptions (20 events):
Event: 17.494 Thread 0x0000019575ccf9b0 Exception <a 'java/lang/NoSuchMethodError'{0x000000008732fff0}: 'java.lang.Object java.lang.invoke.DirectMethodHandle$Holder.invokeStatic(java.lang.Object, java.lang.Object, java.lang.Object, java.lang.Object, int)'> (0x000000008732fff0) 
thrown [s\src\hotspot\share\interpreter\linkResolver.cpp, line 759]
Event: 17.501 Thread 0x0000019575ccf9b0 Exception <a 'java/lang/ClassNotFoundException'{0x00000000873845a8}: org/gradle/internal/logging/slf4j/OutputEventListenerBackedLoggerBeanInfo> (0x00000000873845a8) 
thrown [s\src\hotspot\share\classfile\systemDictionary.cpp, line 256]
Event: 17.502 Thread 0x0000019575ccf9b0 Exception <a 'java/lang/ClassNotFoundException'{0x0000000087396858}: org/gradle/internal/logging/slf4j/BuildOperationAwareLoggerBeanInfo> (0x0000000087396858) 
thrown [s\src\hotspot\share\classfile\systemDictionary.cpp, line 256]
Event: 17.503 Thread 0x0000019575ccf9b0 Exception <a 'java/lang/ClassNotFoundException'{0x00000000873a8ad8}: org/gradle/internal/logging/slf4j/BuildOperationAwareLoggerCustomizer> (0x00000000873a8ad8) 
thrown [s\src\hotspot\share\classfile\systemDictionary.cpp, line 256]
Event: 17.505 Thread 0x0000019575ccf9b0 Exception <a 'java/lang/ClassNotFoundException'{0x00000000873e9e48}: org/gradle/internal/logging/slf4j/OutputEventListenerBackedLoggerCustomizer> (0x00000000873e9e48) 
thrown [s\src\hotspot\share\classfile\systemDictionary.cpp, line 256]
Event: 17.731 Thread 0x0000019575ccf9b0 Exception <a 'java/lang/NoSuchMethodError'{0x0000000086e96908}: 'java.lang.Object java.lang.invoke.DirectMethodHandle$Holder.invokeSpecial(java.lang.Object, java.lang.Object, java.lang.Object, java.lang.Object, java.lang.Object, java.lang.Object, java.lang.Object, java.lang.Object, java.lang.Object, java.lang.Object)'> (0x0000000086e96908) 
thrown [s\src\hotspot\share\interpreter\linkResolver.cpp, line 759]
Event: 17.732 Thread 0x0000019575ccf9b0 Exception <a 'java/lang/NoSuchMethodError'{0x0000000086e9f788}: 'java.lang.Object java.lang.invoke.Invokers$Holder.invoker(java.lang.Object, java.lang.Object, java.lang.Object, java.lang.Object, java.lang.Object, java.lang.Object, java.lang.Object, java.lang.Object, java.lang.Object)'> (0x0000000086e9f788) 
thrown [s\src\hotspot\share\interpreter\linkResolver.cpp, line 759]
Event: 17.741 Thread 0x0000019575ccf9b0 Exception <a 'java/lang/NoSuchMethodError'{0x0000000086d25348}: 'java.lang.Object java.lang.invoke.Invokers$Holder.invoker(java.lang.Object, java.lang.Object, java.lang.Object, java.lang.Object)'> (0x0000000086d25348) 
thrown [s\src\hotspot\share\interpreter\linkResolver.cpp, line 759]
Event: 17.762 Thread 0x0000019575ccf9b0 Exception <a 'java/lang/NoSuchMethodError'{0x0000000086dbd3d0}: 'java.lang.Object java.lang.invoke.DelegatingMethodHandle$Holder.reinvoke_L(java.lang.Object, java.lang.Object, java.lang.Object, java.lang.Object, java.lang.Object, java.lang.Object, java.lang.Object, java.lang.Object, java.lang.Object, java.lang.Object, java.lang.Object, java.lang.Object, java.lang.Object, java.lang.Object, java.lang.Object, java.lang.Object, java.lang.Object, java.lang.Object, java.lang.Object, java.lang.Object, java.lang.O
Event: 17.763 Thread 0x0000019575ccf9b0 Exception <a 'java/lang/NoSuchMethodError'{0x0000000086dc8e48}: 'java.lang.Object java.lang.invoke.Invokers$Holder.invoker(java.lang.Object, java.lang.Object, java.lang.Object, java.lang.Object, java.lang.Object, java.lang.Object, java.lang.Object, java.lang.Object, java.lang.Object, java.lang.Object, java.lang.Object, java.lang.Object, java.lang.Object, java.lang.Object, java.lang.Object, java.lang.Object, java.lang.Object, java.lang.Object, java.lang.Object, java.lang.Object, java.lang.Object)'> (0x00000
Event: 17.764 Thread 0x0000019575ccf9b0 Exception <a 'java/lang/NoSuchMethodError'{0x0000000086dcfaa8}: 'java.lang.Object java.lang.invoke.DelegatingMethodHandle$Holder.delegate(java.lang.Object, java.lang.Object, java.lang.Object, java.lang.Object, java.lang.Object, java.lang.Object, java.lang.Object, java.lang.Object, java.lang.Object, java.lang.Object, java.lang.Object, java.lang.Object, java.lang.Object, java.lang.Object, java.lang.Object, java.lang.Object, java.lang.Object, java.lang.Object, java.lang.Object, java.lang.Object, java.lang.Obj
Event: 17.770 Thread 0x0000019575ccf9b0 Exception <a 'java/lang/NoSuchMethodError'{0x0000000086c44300}: 'java.lang.Object java.lang.invoke.DirectMethodHandle$Holder.invokeStatic(java.lang.Object, java.lang.Object, java.lang.Object, java.lang.Object, java.lang.Object, java.lang.Object, java.lang.Object, java.lang.Object, java.lang.Object, java.lang.Object, java.lang.Object, java.lang.Object, java.lang.Object, java.lang.Object, java.lang.Object, java.lang.Object, java.lang.Object)'> (0x0000000086c44300) 
thrown [s\src\hotspot\share\interpreter\lin
Event: 17.772 Thread 0x0000019575ccf9b0 Exception <a 'java/lang/NoSuchMethodError'{0x0000000086c6bf20}: 'java.lang.Object java.lang.invoke.DirectMethodHandle$Holder.invokeStatic(java.lang.Object, java.lang.Object, java.lang.Object, java.lang.Object, java.lang.Object, java.lang.Object, java.lang.Object, java.lang.Object, java.lang.Object, java.lang.Object, java.lang.Object, java.lang.Object, java.lang.Object, java.lang.Object, java.lang.Object, java.lang.Object, java.lang.Object, java.lang.Object)'> (0x0000000086c6bf20) 
thrown [s\src\hotspot\sha
Event: 17.774 Thread 0x0000019575ccf9b0 Exception <a 'java/lang/NoSuchMethodError'{0x0000000086c94800}: 'java.lang.Object java.lang.invoke.DirectMethodHandle$Holder.invokeStatic(java.lang.Object, java.lang.Object, java.lang.Object, java.lang.Object, java.lang.Object, java.lang.Object, java.lang.Object, java.lang.Object, java.lang.Object, java.lang.Object, java.lang.Object, java.lang.Object, java.lang.Object, java.lang.Object, java.lang.Object, java.lang.Object, java.lang.Object, java.lang.Object, java.lang.Object)'> (0x0000000086c94800) 
thrown 
Event: 17.776 Thread 0x0000019575ccf9b0 Exception <a 'java/lang/NoSuchMethodError'{0x0000000086cbe108}: 'java.lang.Object java.lang.invoke.DirectMethodHandle$Holder.invokeStatic(java.lang.Object, java.lang.Object, java.lang.Object, java.lang.Object, java.lang.Object, java.lang.Object, java.lang.Object, java.lang.Object, java.lang.Object, java.lang.Object, java.lang.Object, java.lang.Object, java.lang.Object, java.lang.Object, java.lang.Object, java.lang.Object, java.lang.Object, java.lang.Object, java.lang.Object, java.lang.Object)'> (0x00000000
Event: 17.779 Thread 0x0000019575ccf9b0 Exception <a 'java/lang/NoSuchMethodError'{0x0000000086ce8aa8}: 'java.lang.Object java.lang.invoke.DirectMethodHandle$Holder.invokeStatic(java.lang.Object, java.lang.Object, java.lang.Object, java.lang.Object, java.lang.Object, java.lang.Object, java.lang.Object, java.lang.Object, java.lang.Object, java.lang.Object, java.lang.Object, java.lang.Object, java.lang.Object, java.lang.Object, java.lang.Object, java.lang.Object, java.lang.Object, java.lang.Object, java.lang.Object, java.lang.Object, java.lang.Obj
Event: 17.782 Thread 0x0000019575ccf9b0 Exception <a 'java/lang/NoSuchMethodError'{0x0000000086b14870}: 'java.lang.Object java.lang.invoke.DirectMethodHandle$Holder.invokeStatic(java.lang.Object, java.lang.Object, java.lang.Object, java.lang.Object, java.lang.Object, java.lang.Object, java.lang.Object, java.lang.Object, java.lang.Object, java.lang.Object, java.lang.Object, java.lang.Object, java.lang.Object, java.lang.Object, java.lang.Object, java.lang.Object, java.lang.Object, java.lang.Object, java.lang.Object, java.lang.Object, java.lang.Obj
Event: 17.784 Thread 0x0000019575ccf9b0 Exception <a 'java/lang/NoSuchMethodError'{0x0000000086b41610}: 'java.lang.Object java.lang.invoke.DirectMethodHandle$Holder.invokeStatic(java.lang.Object, java.lang.Object, java.lang.Object, java.lang.Object, java.lang.Object, java.lang.Object, java.lang.Object, java.lang.Object, java.lang.Object, java.lang.Object, java.lang.Object, java.lang.Object, java.lang.Object, java.lang.Object, java.lang.Object, java.lang.Object, java.lang.Object, java.lang.Object, java.lang.Object, java.lang.Object, java.lang.Obj
Event: 17.786 Thread 0x0000019575ccf9b0 Exception <a 'java/lang/NoSuchMethodError'{0x0000000086b6fca0}: 'java.lang.Object java.lang.invoke.DirectMethodHandle$Holder.invokeStatic(java.lang.Object, java.lang.Object, java.lang.Object, java.lang.Object, java.lang.Object, java.lang.Object, java.lang.Object, java.lang.Object, java.lang.Object, java.lang.Object, java.lang.Object, java.lang.Object, java.lang.Object, java.lang.Object, java.lang.Object, java.lang.Object, java.lang.Object, java.lang.Object, java.lang.Object, java.lang.Object, java.lang.Obj
Event: 17.912 Thread 0x0000019575ccf9b0 Exception <a 'sun/nio/fs/WindowsException'{0x00000000860ede38}> (0x00000000860ede38) 
thrown [s\src\hotspot\share\prims\jni.cpp, line 516]

VM Operations (20 events):
Event: 21.208 Executing VM operation: G1CollectForAllocation
Event: 21.213 Executing VM operation: G1CollectForAllocation done
Event: 21.436 Executing VM operation: G1CollectForAllocation
Event: 21.441 Executing VM operation: G1CollectForAllocation done
Event: 21.654 Executing VM operation: G1CollectForAllocation
Event: 21.659 Executing VM operation: G1CollectForAllocation done
Event: 21.840 Executing VM operation: G1CollectForAllocation
Event: 21.846 Executing VM operation: G1CollectForAllocation done
Event: 22.045 Executing VM operation: G1CollectForAllocation
Event: 22.050 Executing VM operation: G1CollectForAllocation done
Event: 22.299 Executing VM operation: G1CollectForAllocation
Event: 22.304 Executing VM operation: G1CollectForAllocation done
Event: 22.592 Executing VM operation: G1CollectForAllocation
Event: 22.597 Executing VM operation: G1CollectForAllocation done
Event: 22.814 Executing VM operation: G1CollectForAllocation
Event: 22.820 Executing VM operation: G1CollectForAllocation done
Event: 23.012 Executing VM operation: G1CollectForAllocation
Event: 23.018 Executing VM operation: G1CollectForAllocation done
Event: 23.321 Executing VM operation: G1CollectForAllocation
Event: 23.328 Executing VM operation: G1CollectForAllocation done

Events (20 events):
Event: 17.768 loading class java/lang/invoke/BoundMethodHandle$Species_LLLLLLLLLLLLLL
Event: 17.768 loading class java/lang/invoke/BoundMethodHandle$Species_LLLLLLLLLLLLLL done
Event: 17.771 loading class java/lang/invoke/BoundMethodHandle$Species_LLLLLLLLLLLLLLL
Event: 17.771 loading class java/lang/invoke/BoundMethodHandle$Species_LLLLLLLLLLLLLLL done
Event: 17.773 loading class java/lang/invoke/BoundMethodHandle$Species_LLLLLLLLLLLLLLLL
Event: 17.773 loading class java/lang/invoke/BoundMethodHandle$Species_LLLLLLLLLLLLLLLL done
Event: 17.775 loading class java/lang/invoke/BoundMethodHandle$Species_LLLLLLLLLLLLLLLLL
Event: 17.775 loading class java/lang/invoke/BoundMethodHandle$Species_LLLLLLLLLLLLLLLLL done
Event: 17.778 loading class java/lang/invoke/BoundMethodHandle$Species_LLLLLLLLLLLLLLLLLL
Event: 17.778 loading class java/lang/invoke/BoundMethodHandle$Species_LLLLLLLLLLLLLLLLLL done
Event: 17.781 loading class java/lang/invoke/BoundMethodHandle$Species_LLLLLLLLLLLLLLLLLLL
Event: 17.781 loading class java/lang/invoke/BoundMethodHandle$Species_LLLLLLLLLLLLLLLLLLL done
Event: 17.784 loading class java/lang/invoke/BoundMethodHandle$Species_LLLLLLLLLLLLLLLLLLLL
Event: 17.784 loading class java/lang/invoke/BoundMethodHandle$Species_LLLLLLLLLLLLLLLLLLLL done
Event: 17.785 loading class java/lang/invoke/BoundMethodHandle$Species_LLLLLLLLLLLLLLLLLLLLL
Event: 17.785 loading class java/lang/invoke/BoundMethodHandle$Species_LLLLLLLLLLLLLLLLLLLLL done
Event: 17.959 Thread 0x00000195775ac3a0 Thread added: 0x00000195775ac3a0
Event: 20.465 loading class java/util/regex/Pattern$Caret
Event: 20.466 loading class java/util/regex/Pattern$Caret done
Event: 20.941 Thread 0x0000019574193c20 flushing nmethod 0x000001955df09810


Dynamic libraries:
0x00007ff76c800000 - 0x00007ff76c80e000 	C:\Program Files\Eclipse Adoptium\jdk-17.0.4.101-hotspot\bin\java.exe
0x00007ffba1a70000 - 0x00007ffba1c68000 	C:\Windows\SYSTEM32\ntdll.dll
0x00007ffb9fee0000 - 0x00007ffb9ff9f000 	C:\Windows\System32\KERNEL32.DLL
0x00007ffb9f530000 - 0x00007ffb9f826000 	C:\Windows\System32\KERNELBASE.dll
0x00007ffb9f2b0000 - 0x00007ffb9f3b0000 	C:\Windows\System32\ucrtbase.dll
0x00007ffb82290000 - 0x00007ffb822a9000 	C:\Program Files\Eclipse Adoptium\jdk-17.0.4.101-hotspot\bin\VCRUNTIME140.dll
0x00007ffb822b0000 - 0x00007ffb822c8000 	C:\Program Files\Eclipse Adoptium\jdk-17.0.4.101-hotspot\bin\jli.dll
0x00007ffba1780000 - 0x00007ffba191d000 	C:\Windows\System32\USER32.dll
0x00007ffb8ee90000 - 0x00007ffb8f12a000 	C:\Windows\WinSxS\amd64_microsoft.windows.common-controls_6595b64144ccf1df_6.0.19041.1110_none_60b5254171f9507e\COMCTL32.dll
0x00007ffb9f4d0000 - 0x00007ffb9f4f2000 	C:\Windows\System32\win32u.dll
0x00007ffb9fad0000 - 0x00007ffb9fafc000 	C:\Windows\System32\GDI32.dll
0x00007ffba1410000 - 0x00007ffba14ae000 	C:\Windows\System32\msvcrt.dll
0x00007ffb9f9b0000 - 0x00007ffb9fac5000 	C:\Windows\System32\gdi32full.dll
0x00007ffb9f880000 - 0x00007ffb9f91d000 	C:\Windows\System32\msvcp_win.dll
0x00007ffba19a0000 - 0x00007ffba19d0000 	C:\Windows\System32\IMM32.DLL
0x00007ffb9ac10000 - 0x00007ffb9ac1c000 	C:\Program Files\Eclipse Adoptium\jdk-17.0.4.101-hotspot\bin\vcruntime140_1.dll
0x00007ffb7dea0000 - 0x00007ffb7df31000 	C:\Program Files\Eclipse Adoptium\jdk-17.0.4.101-hotspot\bin\msvcp140.dll
0x00007ffae0e60000 - 0x00007ffae1aa6000 	C:\Program Files\Eclipse Adoptium\jdk-17.0.4.101-hotspot\bin\server\jvm.dll
0x00007ffba16d0000 - 0x00007ffba177f000 	C:\Windows\System32\ADVAPI32.dll
0x00007ffba1560000 - 0x00007ffba15fc000 	C:\Windows\System32\sechost.dll
0x00007ffba0220000 - 0x00007ffba0346000 	C:\Windows\System32\RPCRT4.dll
0x00007ffba1990000 - 0x00007ffba1998000 	C:\Windows\System32\PSAPI.DLL
0x00007ffb86cb0000 - 0x00007ffb86cb9000 	C:\Windows\SYSTEM32\WSOCK32.dll
0x00007ffb96bd0000 - 0x00007ffb96bf7000 	C:\Windows\SYSTEM32\WINMM.dll
0x00007ffb98fd0000 - 0x00007ffb98fda000 	C:\Windows\SYSTEM32\VERSION.dll
0x00007ffba0f80000 - 0x00007ffba0feb000 	C:\Windows\System32\WS2_32.dll
0x00007ffb9cee0000 - 0x00007ffb9cef2000 	C:\Windows\SYSTEM32\kernel.appcore.dll
0x00007ffb9abf0000 - 0x00007ffb9abfa000 	C:\Program Files\Eclipse Adoptium\jdk-17.0.4.101-hotspot\bin\jimage.dll
0x00007ffb96f00000 - 0x00007ffb970e4000 	C:\Windows\SYSTEM32\DBGHELP.DLL
0x00007ffb8a000000 - 0x00007ffb8a034000 	C:\Windows\SYSTEM32\dbgcore.DLL
0x00007ffb9f920000 - 0x00007ffb9f9a2000 	C:\Windows\System32\bcryptPrimitives.dll
0x00007ffb7de70000 - 0x00007ffb7de95000 	C:\Program Files\Eclipse Adoptium\jdk-17.0.4.101-hotspot\bin\java.dll
0x00007ffb7dd90000 - 0x00007ffb7de66000 	C:\Program Files\Eclipse Adoptium\jdk-17.0.4.101-hotspot\bin\jsvml.dll
0x00007ffba03c0000 - 0x00007ffba0b04000 	C:\Windows\System32\SHELL32.dll
0x00007ffb9d1c0000 - 0x00007ffb9d954000 	C:\Windows\SYSTEM32\windows.storage.dll
0x00007ffb9fb80000 - 0x00007ffb9fed4000 	C:\Windows\System32\combase.dll
0x00007ffb9eb10000 - 0x00007ffb9eb3e000 	C:\Windows\SYSTEM32\Wldp.dll
0x00007ffba0170000 - 0x00007ffba021d000 	C:\Windows\System32\SHCORE.dll
0x00007ffba19d0000 - 0x00007ffba1a25000 	C:\Windows\System32\shlwapi.dll
0x00007ffb9f080000 - 0x00007ffb9f0a5000 	C:\Windows\SYSTEM32\profapi.dll
0x00007ffb7dd50000 - 0x00007ffb7dd69000 	C:\Program Files\Eclipse Adoptium\jdk-17.0.4.101-hotspot\bin\net.dll
0x00007ffb97d80000 - 0x00007ffb97e8a000 	C:\Windows\SYSTEM32\WINHTTP.dll
0x00007ffb9e820000 - 0x00007ffb9e88a000 	C:\Windows\system32\mswsock.dll
0x00007ffb7dd30000 - 0x00007ffb7dd45000 	C:\Program Files\Eclipse Adoptium\jdk-17.0.4.101-hotspot\bin\nio.dll
0x00007ffb7dd70000 - 0x00007ffb7dd88000 	C:\Program Files\Eclipse Adoptium\jdk-17.0.4.101-hotspot\bin\zip.dll
0x00007ffb7dd20000 - 0x00007ffb7dd30000 	C:\Program Files\Eclipse Adoptium\jdk-17.0.4.101-hotspot\bin\verify.dll
0x00007ffb636a0000 - 0x00007ffb636c7000 	C:\Users\GIHAA\.gradle\native\e1d6ef7f7dcc3fd88c89a11ec53ec762bb8ba0a96d01ffa2cd45eb1d1d8dd5c5\windows-amd64\native-platform.dll
0x00007ffb2c630000 - 0x00007ffb2c774000 	C:\Users\GIHAA\.gradle\native\0d407fdbe67a94daf76414ababcb853783967236a71b16ec16e742cd7a986fd3\windows-amd64\native-platform-file-events.dll
0x00007ffb7dc90000 - 0x00007ffb7dc99000 	C:\Program Files\Eclipse Adoptium\jdk-17.0.4.101-hotspot\bin\management.dll
0x00007ffb67300000 - 0x00007ffb6730b000 	C:\Program Files\Eclipse Adoptium\jdk-17.0.4.101-hotspot\bin\management_ext.dll
0x00007ffb9ea10000 - 0x00007ffb9ea28000 	C:\Windows\SYSTEM32\CRYPTSP.dll
0x00007ffb9e110000 - 0x00007ffb9e144000 	C:\Windows\system32\rsaenh.dll
0x00007ffb9f500000 - 0x00007ffb9f527000 	C:\Windows\System32\bcrypt.dll
0x00007ffb9f000000 - 0x00007ffb9f02e000 	C:\Windows\SYSTEM32\USERENV.dll
0x00007ffb9eec0000 - 0x00007ffb9eecc000 	C:\Windows\SYSTEM32\CRYPTBASE.dll
0x00007ffb9e4f0000 - 0x00007ffb9e52c000 	C:\Windows\SYSTEM32\IPHLPAPI.DLL
0x00007ffba1920000 - 0x00007ffba1928000 	C:\Windows\System32\NSI.dll
0x00007ffb98760000 - 0x00007ffb98777000 	C:\Windows\SYSTEM32\dhcpcsvc6.DLL
0x00007ffb991d0000 - 0x00007ffb991ed000 	C:\Windows\SYSTEM32\dhcpcsvc.DLL
0x00007ffb9e530000 - 0x00007ffb9e5fa000 	C:\Windows\SYSTEM32\DNSAPI.dll
0x00007ffb67230000 - 0x00007ffb6723e000 	C:\Program Files\Eclipse Adoptium\jdk-17.0.4.101-hotspot\bin\sunmscapi.dll
0x00007ffb9f150000 - 0x00007ffb9f2ae000 	C:\Windows\System32\CRYPT32.dll
0x00007ffb9eb80000 - 0x00007ffb9eba8000 	C:\Windows\SYSTEM32\ncrypt.dll
0x00007ffb9eb40000 - 0x00007ffb9eb7b000 	C:\Windows\SYSTEM32\NTASN1.dll
0x00007ffb6a700000 - 0x00007ffb6a707000 	C:\Windows\system32\wshunix.dll

dbghelp: loaded successfully - version: 4.0.5 - missing functions: none
symbol engine: initialized successfully - sym options: 0x614 - pdb path: .;C:\Program Files\Eclipse Adoptium\jdk-17.0.4.101-hotspot\bin;C:\Windows\SYSTEM32;C:\Windows\WinSxS\amd64_microsoft.windows.common-controls_6595b64144ccf1df_6.0.19041.1110_none_60b5254171f9507e;C:\Program Files\Eclipse Adoptium\jdk-17.0.4.101-hotspot\bin\server;C:\Users\GIHAA\.gradle\native\e1d6ef7f7dcc3fd88c89a11ec53ec762bb8ba0a96d01ffa2cd45eb1d1d8dd5c5\windows-amd64;C:\Users\GIHAA\.gradle\native\0d407fdbe67a94daf76414ababcb853783967236a71b16ec16e742cd7a986fd3\windows-amd64

VM Arguments:
jvm_args: -XX:MaxMetaspaceSize=512m --add-opens=java.base/java.util=ALL-UNNAMED --add-opens=java.base/java.lang=ALL-UNNAMED --add-opens=java.base/java.lang.invoke=ALL-UNNAMED --add-opens=java.base/java.util=ALL-UNNAMED --add-opens=java.prefs/java.util.prefs=ALL-UNNAMED --add-opens=java.prefs/java.util.prefs=ALL-UNNAMED --add-opens=java.base/java.nio.charset=ALL-UNNAMED --add-opens=java.base/java.net=ALL-UNNAMED --add-opens=java.base/java.util.concurrent.atomic=ALL-UNNAMED -Xmx2048m -Dfile.encoding=utf8 -Duser.country=US -Duser.language=en -Duser.variant 
java_command: org.gradle.launcher.daemon.bootstrap.GradleDaemon 7.5.1
java_class_path (initial): C:\Users\GIHAA\.gradle\wrapper\dists\gradle-7.5.1-all\1ehga6e77gqps5uk2kc5kf1vc\gradle-7.5.1\lib\gradle-launcher-7.5.1.jar
Launcher Type: SUN_STANDARD

[Global flags]
     intx CICompilerCount                          = 12                                        {product} {ergonomic}
   size_t CompressedClassSpaceSize                 = 432013312                                 {product} {ergonomic}
     uint ConcGCThreads                            = 3                                         {product} {ergonomic}
     uint G1ConcRefinementThreads                  = 13                                        {product} {ergonomic}
   size_t G1HeapRegionSize                         = 1048576                                   {product} {ergonomic}
    uintx GCDrainStackTargetSize                   = 64                                        {product} {ergonomic}
   size_t InitialHeapSize                          = 125829120                                 {product} {ergonomic}
   size_t MarkStackSize                            = 4194304                                   {product} {ergonomic}
   size_t MaxHeapSize                              = 2147483648                                {product} {command line}
   size_t MaxMetaspaceSize                         = 536870912                                 {product} {command line}
   size_t MaxNewSize                               = 1287651328                                {product} {ergonomic}
   size_t MinHeapDeltaBytes                        = 1048576                                   {product} {ergonomic}
   size_t MinHeapSize                              = 8388608                                   {product} {ergonomic}
    uintx NonNMethodCodeHeapSize                   = 7602480                                {pd product} {ergonomic}
    uintx NonProfiledCodeHeapSize                  = 122027880                              {pd product} {ergonomic}
    uintx ProfiledCodeHeapSize                     = 122027880                              {pd product} {ergonomic}
    uintx ReservedCodeCacheSize                    = 251658240                              {pd product} {ergonomic}
     bool SegmentedCodeCache                       = true                                      {product} {ergonomic}
   size_t SoftMaxHeapSize                          = 2147483648                             {manageable} {ergonomic}
     bool UseCompressedClassPointers               = true                           {product lp64_product} {ergonomic}
     bool UseCompressedOops                        = true                           {product lp64_product} {ergonomic}
     bool UseG1GC                                  = true                                      {product} {ergonomic}
     bool UseLargePagesIndividualAllocation        = false                                  {pd product} {ergonomic}

Logging:
Log output configuration:
 #0: stdout all=warning uptime,level,tags
 #1: stderr all=off uptime,level,tags

Environment Variables:
JAVA_HOME=C:\Program Files\Android\Android Studio2\jbr
PATH=C:\oracle\bin;C:\Program Files (x86)\NVIDIA Corporation\PhysX\Common;C:\Program Files\Common Files\Oracle\Java\javapath;C:\Python311\Scripts\;C:\Python311\;C:\Program Files (x86)\Common Files\Oracle\Java\javapath;C:\Program Files\Eclipse Adoptium\jdk-17.0.4.101-hotspot\bin;C:\Windows\system32;C:\Windows;C:\Windows\System32\Wbem;C:\Windows\System32\WindowsPowerShell\v1.0\;C:\Windows\System32\OpenSSH\;C:\Program Files\Microsoft VS Code\bin;C:\Program Files\Git\cmd;C:\Program Files\Android\Android Studio2\jbr\bin;C:\Program Files\Android\Android Studio2\jbr\bin;C:\Program Files\Azure Data Studio\bin;C:\Program Files\nodejs\;C:\ProgramData\chocolatey\bin;C:\Program Files\Docker\Docker\resources\bin;C:\Program Files\PostgreSQL\15\bin;C:\Users\GIHAA\.console-ninja\.bin;C:\Program Files\MySQL\MySQL Shell 8.0\bin\;C:\Users\GIHAA\AppData\Local\Microsoft\WindowsApps;C:\Program Files\Azure Data Studio\bin;C:\Program Files\JetBrains\IntelliJ IDEA Community Edition 2022.2.3\bin;C:\Program Files\JetBrains\IntelliJ IDEA 2022.2.3\bin;C:\Users\GIHAA\AppData\Local\spicetify;C:\Users\GIHAA\.fly\bin;C:\Program Files\JetBrains\PyCharm 2022.3\bin;C:\Users\GIHAA\AppData\Roaming\npm;C:\src\flutter\flutter\bin;C:\Users\GIHAA\AppData\Local\Google\Cloud SDK\google-cloud-sdk\bin;C:\Users\GIHAA\AppData\Local\gitkraken\bin;C:\Users\GIHAA\AppData\Local\Programs\Microsoft VS Code Insiders\bin
USERNAME=GIHAA
OS=Windows_NT
PROCESSOR_IDENTIFIER=AMD64 Family 23 Model 96 Stepping 1, AuthenticAMD
TMP=C:\Users\GIHAA\AppData\Local\Temp
TEMP=C:\Users\GIHAA\AppData\Local\Temp



---------------  S Y S T E M  ---------------

OS:
 Windows 10 , 64 bit Build 19041 (10.0.19041.3155)
OS uptime: 0 days 7:20 hours
Hyper-V role detected

CPU: total 16 (initial active 16) (16 cores per cpu, 2 threads per core) family 23 model 96 stepping 1 microcode 0x0, cx8, cmov, fxsr, ht, mmx, 3dnowpref, sse, sse2, sse3, ssse3, sse4a, sse4.1, sse4.2, popcnt, lzcnt, tsc, tscinvbit, avx, avx2, aes, clmul, bmi1, bmi2, adx, sha, fma, vzeroupper, clflush, clflushopt, hv

Memory: 4k page, system-wide physical 7579M (281M free)
TotalPageFile size 31131M (AvailPageFile size 13M)
current process WorkingSet (physical memory assigned to process): 377M, peak: 417M
current process commit charge ("private bytes"): 530M, peak: 532M

vm_info: OpenJDK 64-Bit Server VM (17.0.4.1+1) for windows-amd64 JRE (17.0.4.1+1), built on Aug 17 2022 07:42:43 by "temurin" with MS VC++ 16.7 (VS2019)

END.
